2020-08-13 21:01:13,977 INFO     NO INJECTION
2020-08-13 21:01:13,977 INFO     Model: TransQuatE
2020-08-13 21:01:13,978 INFO     Data Path: data/SD2020
2020-08-13 21:01:13,978 INFO     #entity: 68907
2020-08-13 21:01:13,978 INFO     #relation: 13
2020-08-13 21:01:14,116 INFO     #train: 142188
2020-08-13 21:01:14,134 INFO     #valid: 17783
2020-08-13 21:01:14,135 INFO     #test: 612
rules not injected
Temperature -  1.0

Model - TransQuatE; opt - ada; batch size - 256; dataset - data/SD2020; lr - 0.1, gamma = 15.0; 
Loss fnc - uncertain_loss; inv - False; impl - False; sym - False; eq - False
2020-08-13 21:01:14,211 INFO     Model: TransQuatE
2020-08-13 21:01:14,211 INFO     Data Path: data/SD2020
2020-08-13 21:01:14,211 INFO     #entity: 68907
2020-08-13 21:01:14,211 INFO     #relation: 13
2020-08-13 21:01:14,211 INFO     optimizer: ada
2020-08-13 21:01:14,211 INFO     learning rate: 0.100000
2020-08-13 21:01:14,211 INFO     loss: uncertain_loss
2020-08-13 21:01:14,211 INFO     Model Parameter Configuration:
2020-08-13 21:01:14,212 INFO     Parameter gamma: torch.Size([1]), require_grad = False
2020-08-13 21:01:14,212 INFO     Parameter embedding_range: torch.Size([1]), require_grad = False
2020-08-13 21:01:14,212 INFO     Parameter xi: torch.Size([142188, 1]), require_grad = True
2020-08-13 21:01:14,212 INFO     Parameter xi_neg: torch.Size([142188, 1]), require_grad = True
2020-08-13 21:01:14,212 INFO     Parameter entity_embedding: torch.Size([68907, 20]), require_grad = True
2020-08-13 21:01:14,212 INFO     Parameter relation_embedding: torch.Size([13, 20]), require_grad = True
2020-08-13 21:01:14,212 INFO     Parameter rotator_head: torch.Size([13, 20]), require_grad = True
2020-08-13 21:01:14,212 INFO     Parameter rotator_tail: torch.Size([13, 20]), require_grad = True
2020-08-13 21:01:14,213 INFO     Loss function uncertain_loss
2020-08-13 21:01:17,622 INFO     Ramdomly Initializing TransQuatE Model...
2020-08-13 21:01:17,622 INFO     Max steps - 200000
2020-08-13 21:01:17,622 INFO     Negative sample 10 
2020-08-13 21:01:19,292 INFO     Training average positive_sample_loss at step 0: 0.000001
2020-08-13 21:01:19,292 INFO     Training average negative_sample_loss at step 0: 14.512273
2020-08-13 21:01:19,292 INFO     Training average loss at step 0: 84047.257812
2020-08-13 21:06:30,933 INFO     Training average positive_sample_loss at step 5000: 0.473419
2020-08-13 21:06:30,934 INFO     Training average negative_sample_loss at step 5000: 0.600650
2020-08-13 21:06:30,934 INFO     Training average loss at step 5000: 8757.842210
2020-08-13 21:11:34,691 INFO     Training average positive_sample_loss at step 10000: 0.422978
2020-08-13 21:11:34,692 INFO     Training average negative_sample_loss at step 10000: 0.522821
2020-08-13 21:11:34,692 INFO     Training average loss at step 10000: 0.929075
2020-08-13 21:16:57,986 INFO     Training average positive_sample_loss at step 15000: 0.397373
2020-08-13 21:16:57,987 INFO     Training average negative_sample_loss at step 15000: 0.499825
2020-08-13 21:16:57,987 INFO     Training average loss at step 15000: 0.857285
2020-08-13 21:22:12,253 INFO     Training average positive_sample_loss at step 20000: 0.366488
2020-08-13 21:22:12,253 INFO     Training average negative_sample_loss at step 20000: 0.470250
2020-08-13 21:22:12,253 INFO     Training average loss at step 20000: 0.794834
2020-08-13 21:27:32,338 INFO     Training average positive_sample_loss at step 25000: 0.321644
2020-08-13 21:27:32,338 INFO     Training average negative_sample_loss at step 25000: 0.419972
2020-08-13 21:27:32,339 INFO     Training average loss at step 25000: 0.722009
2020-08-13 21:32:44,794 INFO     Training average positive_sample_loss at step 30000: 0.277551
2020-08-13 21:32:44,794 INFO     Training average negative_sample_loss at step 30000: 0.361330
2020-08-13 21:32:44,794 INFO     Training average loss at step 30000: 0.650746
2020-08-13 21:38:02,366 INFO     Training average positive_sample_loss at step 35000: 0.248405
2020-08-13 21:38:02,367 INFO     Training average negative_sample_loss at step 35000: 0.321085
2020-08-13 21:38:02,367 INFO     Training average loss at step 35000: 0.599095
2020-08-13 21:43:21,844 INFO     Training average positive_sample_loss at step 40000: 0.228049
2020-08-13 21:43:21,844 INFO     Training average negative_sample_loss at step 40000: 0.295814
2020-08-13 21:43:21,844 INFO     Training average loss at step 40000: 0.562212
2020-08-13 21:48:41,641 INFO     Training average positive_sample_loss at step 45000: 0.212431
2020-08-13 21:48:41,642 INFO     Training average negative_sample_loss at step 45000: 0.276000
2020-08-13 21:48:41,642 INFO     Training average loss at step 45000: 0.531866
2020-08-13 21:53:57,647 INFO     Training average positive_sample_loss at step 50000: 0.199949
2020-08-13 21:53:57,648 INFO     Training average negative_sample_loss at step 50000: 0.261316
2020-08-13 21:53:57,648 INFO     Training average loss at step 50000: 0.507220
2020-08-13 21:59:20,810 INFO     Training average positive_sample_loss at step 55000: 0.189171
2020-08-13 21:59:20,811 INFO     Training average negative_sample_loss at step 55000: 0.248062
2020-08-13 21:59:20,811 INFO     Training average loss at step 55000: 0.485408
2020-08-13 22:04:32,390 INFO     Training average positive_sample_loss at step 60000: 0.179650
2020-08-13 22:04:32,391 INFO     Training average negative_sample_loss at step 60000: 0.236956
2020-08-13 22:04:32,391 INFO     Training average loss at step 60000: 0.466288
2020-08-13 22:09:44,654 INFO     Training average positive_sample_loss at step 65000: 0.171548
2020-08-13 22:09:44,654 INFO     Training average negative_sample_loss at step 65000: 0.226488
2020-08-13 22:09:44,655 INFO     Training average loss at step 65000: 0.449033
2020-08-13 22:15:05,764 INFO     Training average positive_sample_loss at step 70000: 0.164292
2020-08-13 22:15:05,764 INFO     Training average negative_sample_loss at step 70000: 0.217174
2020-08-13 22:15:05,764 INFO     Training average loss at step 70000: 0.433290
2020-08-13 22:20:22,248 INFO     Training average positive_sample_loss at step 75000: 0.158215
2020-08-13 22:20:22,249 INFO     Training average negative_sample_loss at step 75000: 0.208735
2020-08-13 22:20:22,249 INFO     Training average loss at step 75000: 0.419254
2020-08-13 22:25:40,257 INFO     Training average positive_sample_loss at step 80000: 0.152682
2020-08-13 22:25:40,258 INFO     Training average negative_sample_loss at step 80000: 0.201919
2020-08-13 22:25:40,258 INFO     Training average loss at step 80000: 0.406956
2020-08-13 22:31:03,236 INFO     Training average positive_sample_loss at step 85000: 0.147846
2020-08-13 22:31:03,236 INFO     Training average negative_sample_loss at step 85000: 0.195451
2020-08-13 22:31:03,236 INFO     Training average loss at step 85000: 0.395535
2020-08-13 22:36:20,573 INFO     Training average positive_sample_loss at step 90000: 0.143410
2020-08-13 22:36:20,574 INFO     Training average negative_sample_loss at step 90000: 0.190236
2020-08-13 22:36:20,574 INFO     Training average loss at step 90000: 0.385394
2020-08-13 22:41:45,441 INFO     Training average positive_sample_loss at step 95000: 0.139453
2020-08-13 22:41:45,442 INFO     Training average negative_sample_loss at step 95000: 0.185215
2020-08-13 22:41:45,442 INFO     Training average loss at step 95000: 0.375631
2020-08-13 22:46:22,309 INFO     Change learning_rate to 0.010000 at step 100000
2020-08-13 22:46:24,044 INFO     Training average positive_sample_loss at step 100000: 0.135865
2020-08-13 22:46:24,045 INFO     Training average negative_sample_loss at step 100000: 0.180857
2020-08-13 22:46:24,045 INFO     Training average loss at step 100000: 0.367045
2020-08-13 22:51:37,244 INFO     Training average positive_sample_loss at step 105000: 0.130989
2020-08-13 22:51:37,244 INFO     Training average negative_sample_loss at step 105000: 0.176578
2020-08-13 22:51:37,244 INFO     Training average loss at step 105000: 0.186825
2020-08-13 22:57:01,212 INFO     Training average positive_sample_loss at step 110000: 0.128456
2020-08-13 22:57:01,212 INFO     Training average negative_sample_loss at step 110000: 0.172622
2020-08-13 22:57:01,212 INFO     Training average loss at step 110000: 0.155297
2020-08-13 23:02:19,834 INFO     Training average positive_sample_loss at step 115000: 0.127003
2020-08-13 23:02:19,834 INFO     Training average negative_sample_loss at step 115000: 0.170335
2020-08-13 23:02:19,834 INFO     Training average loss at step 115000: 0.151644
2020-08-13 23:07:38,700 INFO     Training average positive_sample_loss at step 120000: 0.125937
2020-08-13 23:07:38,700 INFO     Training average negative_sample_loss at step 120000: 0.169012
2020-08-13 23:07:38,700 INFO     Training average loss at step 120000: 0.149657
2020-08-13 23:12:59,324 INFO     Training average positive_sample_loss at step 125000: 0.124968
2020-08-13 23:12:59,324 INFO     Training average negative_sample_loss at step 125000: 0.167773
2020-08-13 23:12:59,324 INFO     Training average loss at step 125000: 0.148096
2020-08-13 23:18:14,829 INFO     Training average positive_sample_loss at step 130000: 0.124302
2020-08-13 23:18:14,830 INFO     Training average negative_sample_loss at step 130000: 0.167037
2020-08-13 23:18:14,830 INFO     Training average loss at step 130000: 0.147104
2020-08-13 23:23:39,835 INFO     Training average positive_sample_loss at step 135000: 0.123548
2020-08-13 23:23:39,836 INFO     Training average negative_sample_loss at step 135000: 0.165874
2020-08-13 23:23:39,836 INFO     Training average loss at step 135000: 0.145939
2020-08-13 23:28:55,894 INFO     Training average positive_sample_loss at step 140000: 0.122665
2020-08-13 23:28:55,895 INFO     Training average negative_sample_loss at step 140000: 0.164737
2020-08-13 23:28:55,895 INFO     Training average loss at step 140000: 0.144777
2020-08-13 23:34:17,771 INFO     Training average positive_sample_loss at step 145000: 0.122240
2020-08-13 23:34:17,771 INFO     Training average negative_sample_loss at step 145000: 0.164201
2020-08-13 23:34:17,771 INFO     Training average loss at step 145000: 0.144180
2020-08-13 23:39:38,608 INFO     Training average positive_sample_loss at step 150000: 0.121649
2020-08-13 23:39:38,609 INFO     Training average negative_sample_loss at step 150000: 0.163688
2020-08-13 23:39:38,609 INFO     Training average loss at step 150000: 0.143536
2020-08-13 23:44:53,405 INFO     Training average positive_sample_loss at step 155000: 0.120944
2020-08-13 23:44:53,406 INFO     Training average negative_sample_loss at step 155000: 0.162667
2020-08-13 23:44:53,406 INFO     Training average loss at step 155000: 0.142597
2020-08-13 23:50:10,493 INFO     Training average positive_sample_loss at step 160000: 0.120553
2020-08-13 23:50:10,494 INFO     Training average negative_sample_loss at step 160000: 0.162343
2020-08-13 23:50:10,494 INFO     Training average loss at step 160000: 0.142178
2020-08-13 23:55:38,933 INFO     Training average positive_sample_loss at step 165000: 0.120140
2020-08-13 23:55:38,934 INFO     Training average negative_sample_loss at step 165000: 0.161686
2020-08-13 23:55:38,934 INFO     Training average loss at step 165000: 0.141592
2020-08-14 00:00:59,038 INFO     Training average positive_sample_loss at step 170000: 0.119641
2020-08-14 00:00:59,038 INFO     Training average negative_sample_loss at step 170000: 0.160841
2020-08-14 00:00:59,038 INFO     Training average loss at step 170000: 0.140875
2020-08-14 00:06:15,625 INFO     Training average positive_sample_loss at step 175000: 0.119087
2020-08-14 00:06:15,625 INFO     Training average negative_sample_loss at step 175000: 0.160192
2020-08-14 00:06:15,625 INFO     Training average loss at step 175000: 0.140235
2020-08-14 00:11:37,917 INFO     Training average positive_sample_loss at step 180000: 0.118895
2020-08-14 00:11:37,917 INFO     Training average negative_sample_loss at step 180000: 0.160302
2020-08-14 00:11:37,918 INFO     Training average loss at step 180000: 0.140161
2020-08-14 00:16:59,679 INFO     Training average positive_sample_loss at step 185000: 0.118468
2020-08-14 00:16:59,679 INFO     Training average negative_sample_loss at step 185000: 0.159357
2020-08-14 00:16:59,679 INFO     Training average loss at step 185000: 0.139446
2020-08-14 00:22:13,537 INFO     Training average positive_sample_loss at step 190000: 0.117976
2020-08-14 00:22:13,537 INFO     Training average negative_sample_loss at step 190000: 0.159219
2020-08-14 00:22:13,537 INFO     Training average loss at step 190000: 0.139104
2020-08-14 00:27:37,655 INFO     Training average positive_sample_loss at step 195000: 0.117717
2020-08-14 00:27:37,656 INFO     Training average negative_sample_loss at step 195000: 0.158551
2020-08-14 00:27:37,656 INFO     Training average loss at step 195000: 0.138617
2020-08-14 00:32:54,602 INFO     Evaluating on Valid Dataset...
2020-08-14 00:32:56,212 INFO     Evaluating the model... (0/2224)
2020-08-14 00:34:31,538 INFO     Evaluating the model... (1000/2224)
2020-08-14 00:36:09,074 INFO     Evaluating the model... (2000/2224)
2020-08-14 00:36:30,853 INFO     Valid MRR at step 199999: 0.089463
2020-08-14 00:36:30,853 INFO     Valid MR at step 199999: 8219.689676
2020-08-14 00:36:30,853 INFO     Valid HITS@1 at step 199999: 0.063263
2020-08-14 00:36:30,853 INFO     Valid HITS@3 at step 199999: 0.093460
2020-08-14 00:36:30,853 INFO     Valid HITS@10 at step 199999: 0.138306
Validation (199999): MRR - 0.0894625779230068;MR - 8219.689675532813;HITS@1 - 0.0632626665916887;HITS@3 - 0.09346004611145477;HITS@10 - 0.13830624753978518;
2020-08-14 00:36:32,524 INFO     Evaluating the model... (0/78)
Creating results of total :0 lines
Creating results of total :0 lines
Creating results of total :0 lines
Creating results of total :0 lines
Creating results of total :0 lines
Creating results of total :0 lines
Creating results of total :0 lines
Creating results of total :0 lines
Creating results of total :0 lines
Creating results of total :0 lines
Creating results of total :0 lines
Creating results of total :0 lines
Creating results of total :0 lines
Creating results of total :0 lines
Creating results of total :0 lines
Creating results of total :0 lines
Creating results of total :0 lines
Creating results of total :0 lines
Creating results of total :0 lines
Creating results of total :0 lines
Creating results of total :0 lines
Creating results of total :0 lines
Creating results of total :0 lines
Creating results of total :0 lines
Creating results of total :0 lines
Creating results of total :0 lines
Creating results of total :0 lines
Creating results of total :0 lines
Creating results of total :0 lines
Creating results of total :0 lines
Creating results of total :0 lines
Creating results of total :0 lines
Creating results of total :0 lines
Creating results of total :0 lines
Creating results of total :0 lines
Creating results of total :0 lines
Creating results of total :0 lines
Creating results of total :0 lines
Creating results of total :0 lines
Creating results of total :112 lines
Creating results of total :112 lines
Creating results of total :112 lines
Creating results of total :112 lines
Creating results of total :112 lines
Creating results of total :112 lines
Creating results of total :112 lines
Creating results of total :112 lines
Creating results of total :112 lines
Creating results of total :112 lines
Creating results of total :112 lines
Creating results of total :112 lines
Creating results of total :112 lines
Creating results of total :112 lines
Creating results of total :112 lines
Creating results of total :112 lines
Creating results of total :112 lines
Creating results of total :112 lines
Creating results of total :112 lines
Creating results of total :112 lines
Creating results of total :112 lines
Creating results of total :112 lines
Creating results of total :112 lines
Creating results of total :112 lines
Creating results of total :112 lines
Creating results of total :112 lines
Creating results of total :112 lines
Creating results of total :112 lines
Creating results of total :112 lines
Creating results of total :112 lines
Creating results of total :112 lines
Creating results of total :112 lines
Creating results of total :112 lines
Creating results of total :112 lines
Creating results of total :112 lines
Creating results of total :112 lines
Creating results of total :112 lines
Creating results of total :112 lines
Creating results of total :28 lines
2020-08-14 00:57:32,509 INFO     Test MRR at step 199999: 0.451023
2020-08-14 00:57:32,510 INFO     Test MR at step 199999: 188.196078
2020-08-14 00:57:32,511 INFO     Test HITS@1 at step 199999: 0.408497
2020-08-14 00:57:32,511 INFO     Test HITS@3 at step 199999: 0.482026
2020-08-14 00:57:32,511 INFO     Test HITS@10 at step 199999: 0.509804
#steps = 199999, #negs = 10, dim = 5;MRR: 0.4510226426516384;MR: 188.19607843137254;HITS@1: 0.4084967320261438;HITS@3: 0.4820261437908497;HITS@10: 0.5098039215686274
2020-08-14 00:57:32,511 INFO     
-----------------------------------------------

2020-08-14 00:57:34,696 INFO     NO INJECTION
2020-08-14 00:57:34,696 INFO     Model: TransQuatE
2020-08-14 00:57:34,696 INFO     Data Path: data/SD2020
2020-08-14 00:57:34,696 INFO     #entity: 68907
2020-08-14 00:57:34,696 INFO     #relation: 13
2020-08-14 00:57:34,841 INFO     #train: 142188
2020-08-14 00:57:34,859 INFO     #valid: 17783
2020-08-14 00:57:34,859 INFO     #test: 612
rules not injected
Temperature -  1.0

Model - TransQuatE; opt - ada; batch size - 256; dataset - data/SD2020; lr - 0.1, gamma = 4.0; 
Loss fnc - uncertain_loss; inv - False; impl - False; sym - False; eq - False
2020-08-14 00:57:35,265 INFO     Model: TransQuatE
2020-08-14 00:57:35,265 INFO     Data Path: data/SD2020
2020-08-14 00:57:35,265 INFO     #entity: 68907
2020-08-14 00:57:35,265 INFO     #relation: 13
2020-08-14 00:57:35,265 INFO     optimizer: ada
2020-08-14 00:57:35,265 INFO     learning rate: 0.100000
2020-08-14 00:57:35,265 INFO     loss: uncertain_loss
2020-08-14 00:57:35,265 INFO     Model Parameter Configuration:
2020-08-14 00:57:35,265 INFO     Parameter gamma: torch.Size([1]), require_grad = False
2020-08-14 00:57:35,265 INFO     Parameter embedding_range: torch.Size([1]), require_grad = False
2020-08-14 00:57:35,266 INFO     Parameter xi: torch.Size([142188, 1]), require_grad = True
2020-08-14 00:57:35,266 INFO     Parameter xi_neg: torch.Size([142188, 1]), require_grad = True
2020-08-14 00:57:35,266 INFO     Parameter entity_embedding: torch.Size([68907, 200]), require_grad = True
2020-08-14 00:57:35,266 INFO     Parameter relation_embedding: torch.Size([13, 200]), require_grad = True
2020-08-14 00:57:35,266 INFO     Parameter rotator_head: torch.Size([13, 200]), require_grad = True
2020-08-14 00:57:35,266 INFO     Parameter rotator_tail: torch.Size([13, 200]), require_grad = True
2020-08-14 00:57:35,266 INFO     Loss function uncertain_loss
2020-08-14 00:57:37,638 INFO     Ramdomly Initializing TransQuatE Model...
2020-08-14 00:57:37,639 INFO     Max steps - 200000
2020-08-14 00:57:37,639 INFO     Negative sample 10 
2020-08-14 00:57:39,226 INFO     Training average positive_sample_loss at step 0: 1.234545
2020-08-14 00:57:39,227 INFO     Training average negative_sample_loss at step 0: 0.362625
2020-08-14 00:57:39,227 INFO     Training average loss at step 0: 78466.125000
2020-08-14 01:00:19,688 INFO     Training average positive_sample_loss at step 5000: 0.960847
2020-08-14 01:00:19,689 INFO     Training average negative_sample_loss at step 5000: 0.192185
2020-08-14 01:00:19,689 INFO     Training average loss at step 5000: 8723.111497
2020-08-14 01:03:00,495 INFO     Training average positive_sample_loss at step 10000: 0.238823
2020-08-14 01:03:00,495 INFO     Training average negative_sample_loss at step 10000: 0.112280
2020-08-14 01:03:00,495 INFO     Training average loss at step 10000: 0.626508
2020-08-14 01:05:45,506 INFO     Training average positive_sample_loss at step 15000: 0.214132
2020-08-14 01:05:45,506 INFO     Training average negative_sample_loss at step 15000: 0.097709
2020-08-14 01:05:45,506 INFO     Training average loss at step 15000: 0.559703
2020-08-14 01:08:30,711 INFO     Training average positive_sample_loss at step 20000: 0.204181
2020-08-14 01:08:30,711 INFO     Training average negative_sample_loss at step 20000: 0.091581
2020-08-14 01:08:30,711 INFO     Training average loss at step 20000: 0.520363
2020-08-14 01:11:18,440 INFO     Training average positive_sample_loss at step 25000: 0.196500
2020-08-14 01:11:18,441 INFO     Training average negative_sample_loss at step 25000: 0.087804
2020-08-14 01:11:18,441 INFO     Training average loss at step 25000: 0.489448
2020-08-14 01:14:04,487 INFO     Training average positive_sample_loss at step 30000: 0.192419
2020-08-14 01:14:04,488 INFO     Training average negative_sample_loss at step 30000: 0.085231
2020-08-14 01:14:04,488 INFO     Training average loss at step 30000: 0.466721
2020-08-14 01:16:52,993 INFO     Training average positive_sample_loss at step 35000: 0.187915
2020-08-14 01:16:52,993 INFO     Training average negative_sample_loss at step 35000: 0.083377
2020-08-14 01:16:52,993 INFO     Training average loss at step 35000: 0.446752
2020-08-14 01:19:41,262 INFO     Training average positive_sample_loss at step 40000: 0.185734
2020-08-14 01:19:41,263 INFO     Training average negative_sample_loss at step 40000: 0.081793
2020-08-14 01:19:41,263 INFO     Training average loss at step 40000: 0.430982
2020-08-14 01:22:30,420 INFO     Training average positive_sample_loss at step 45000: 0.182344
2020-08-14 01:22:30,420 INFO     Training average negative_sample_loss at step 45000: 0.080730
2020-08-14 01:22:30,421 INFO     Training average loss at step 45000: 0.416322
2020-08-14 01:25:15,407 INFO     Training average positive_sample_loss at step 50000: 0.181056
2020-08-14 01:25:15,407 INFO     Training average negative_sample_loss at step 50000: 0.079696
2020-08-14 01:25:15,407 INFO     Training average loss at step 50000: 0.404410
2020-08-14 01:28:01,175 INFO     Training average positive_sample_loss at step 55000: 0.178550
2020-08-14 01:28:01,175 INFO     Training average negative_sample_loss at step 55000: 0.078972
2020-08-14 01:28:01,175 INFO     Training average loss at step 55000: 0.392810
2020-08-14 01:30:46,934 INFO     Training average positive_sample_loss at step 60000: 0.177676
2020-08-14 01:30:46,934 INFO     Training average negative_sample_loss at step 60000: 0.078141
2020-08-14 01:30:46,934 INFO     Training average loss at step 60000: 0.383871
2020-08-14 01:33:32,576 INFO     Training average positive_sample_loss at step 65000: 0.175530
2020-08-14 01:33:32,576 INFO     Training average negative_sample_loss at step 65000: 0.077541
2020-08-14 01:33:32,576 INFO     Training average loss at step 65000: 0.374051
2020-08-14 01:36:16,988 INFO     Training average positive_sample_loss at step 70000: 0.174867
2020-08-14 01:36:16,989 INFO     Training average negative_sample_loss at step 70000: 0.077037
2020-08-14 01:36:16,989 INFO     Training average loss at step 70000: 0.366475
2020-08-14 01:39:02,842 INFO     Training average positive_sample_loss at step 75000: 0.173131
2020-08-14 01:39:02,842 INFO     Training average negative_sample_loss at step 75000: 0.076393
2020-08-14 01:39:02,842 INFO     Training average loss at step 75000: 0.358716
2020-08-14 01:41:46,895 INFO     Training average positive_sample_loss at step 80000: 0.172592
2020-08-14 01:41:46,895 INFO     Training average negative_sample_loss at step 80000: 0.075973
2020-08-14 01:41:46,895 INFO     Training average loss at step 80000: 0.351792
2020-08-14 01:44:33,711 INFO     Training average positive_sample_loss at step 85000: 0.171198
2020-08-14 01:44:33,712 INFO     Training average negative_sample_loss at step 85000: 0.075576
2020-08-14 01:44:33,712 INFO     Training average loss at step 85000: 0.345331
2020-08-14 01:47:18,028 INFO     Training average positive_sample_loss at step 90000: 0.170774
2020-08-14 01:47:18,028 INFO     Training average negative_sample_loss at step 90000: 0.075279
2020-08-14 01:47:18,028 INFO     Training average loss at step 90000: 0.339593
2020-08-14 01:50:03,546 INFO     Training average positive_sample_loss at step 95000: 0.169355
2020-08-14 01:50:03,546 INFO     Training average negative_sample_loss at step 95000: 0.074692
2020-08-14 01:50:03,546 INFO     Training average loss at step 95000: 0.333698
2020-08-14 01:52:45,756 INFO     Change learning_rate to 0.010000 at step 100000
2020-08-14 01:52:47,946 INFO     Training average positive_sample_loss at step 100000: 0.169075
2020-08-14 01:52:47,946 INFO     Training average negative_sample_loss at step 100000: 0.074510
2020-08-14 01:52:47,946 INFO     Training average loss at step 100000: 0.328698
2020-08-14 01:55:33,465 INFO     Training average positive_sample_loss at step 105000: 0.195749
2020-08-14 01:55:33,466 INFO     Training average negative_sample_loss at step 105000: 0.065578
2020-08-14 01:55:33,466 INFO     Training average loss at step 105000: 0.163418
2020-08-14 01:58:17,551 INFO     Training average positive_sample_loss at step 110000: 0.161945
2020-08-14 01:58:17,552 INFO     Training average negative_sample_loss at step 110000: 0.070675
2020-08-14 01:58:17,552 INFO     Training average loss at step 110000: 0.121022
2020-08-14 02:01:03,891 INFO     Training average positive_sample_loss at step 115000: 0.157130
2020-08-14 02:01:03,892 INFO     Training average negative_sample_loss at step 115000: 0.071344
2020-08-14 02:01:03,892 INFO     Training average loss at step 115000: 0.117174
2020-08-14 02:03:48,658 INFO     Training average positive_sample_loss at step 120000: 0.155453
2020-08-14 02:03:48,659 INFO     Training average negative_sample_loss at step 120000: 0.071342
2020-08-14 02:03:48,659 INFO     Training average loss at step 120000: 0.115549
2020-08-14 02:06:34,936 INFO     Training average positive_sample_loss at step 125000: 0.154190
2020-08-14 02:06:34,937 INFO     Training average negative_sample_loss at step 125000: 0.071246
2020-08-14 02:06:34,937 INFO     Training average loss at step 125000: 0.114414
2020-08-14 02:09:19,690 INFO     Training average positive_sample_loss at step 130000: 0.153458
2020-08-14 02:09:19,690 INFO     Training average negative_sample_loss at step 130000: 0.071004
2020-08-14 02:09:19,690 INFO     Training average loss at step 130000: 0.113639
2020-08-14 02:12:06,429 INFO     Training average positive_sample_loss at step 135000: 0.152876
2020-08-14 02:12:06,430 INFO     Training average negative_sample_loss at step 135000: 0.070900
2020-08-14 02:12:06,430 INFO     Training average loss at step 135000: 0.113090
2020-08-14 02:14:51,533 INFO     Training average positive_sample_loss at step 140000: 0.152623
2020-08-14 02:14:51,534 INFO     Training average negative_sample_loss at step 140000: 0.070944
2020-08-14 02:14:51,534 INFO     Training average loss at step 140000: 0.112837
2020-08-14 02:17:37,734 INFO     Training average positive_sample_loss at step 145000: 0.152126
2020-08-14 02:17:37,734 INFO     Training average negative_sample_loss at step 145000: 0.070730
2020-08-14 02:17:37,734 INFO     Training average loss at step 145000: 0.112365
2020-08-14 02:20:22,465 INFO     Training average positive_sample_loss at step 150000: 0.151990
2020-08-14 02:20:22,466 INFO     Training average negative_sample_loss at step 150000: 0.070568
2020-08-14 02:20:22,466 INFO     Training average loss at step 150000: 0.112125
2020-08-14 02:23:08,301 INFO     Training average positive_sample_loss at step 155000: 0.151542
2020-08-14 02:23:08,302 INFO     Training average negative_sample_loss at step 155000: 0.070216
2020-08-14 02:23:08,302 INFO     Training average loss at step 155000: 0.111651
2020-08-14 02:25:52,999 INFO     Training average positive_sample_loss at step 160000: 0.151430
2020-08-14 02:25:52,999 INFO     Training average negative_sample_loss at step 160000: 0.070229
2020-08-14 02:25:52,999 INFO     Training average loss at step 160000: 0.111541
2020-08-14 02:28:39,621 INFO     Training average positive_sample_loss at step 165000: 0.151235
2020-08-14 02:28:39,621 INFO     Training average negative_sample_loss at step 165000: 0.070302
2020-08-14 02:28:39,622 INFO     Training average loss at step 165000: 0.111427
2020-08-14 02:31:23,902 INFO     Training average positive_sample_loss at step 170000: 0.151104
2020-08-14 02:31:23,902 INFO     Training average negative_sample_loss at step 170000: 0.070189
2020-08-14 02:31:23,902 INFO     Training average loss at step 170000: 0.111263
2020-08-14 02:34:10,136 INFO     Training average positive_sample_loss at step 175000: 0.150813
2020-08-14 02:34:10,137 INFO     Training average negative_sample_loss at step 175000: 0.069865
2020-08-14 02:34:10,137 INFO     Training average loss at step 175000: 0.110917
2020-08-14 02:36:54,660 INFO     Training average positive_sample_loss at step 180000: 0.150804
2020-08-14 02:36:54,660 INFO     Training average negative_sample_loss at step 180000: 0.070059
2020-08-14 02:36:54,660 INFO     Training average loss at step 180000: 0.110976
2020-08-14 02:39:41,236 INFO     Training average positive_sample_loss at step 185000: 0.150567
2020-08-14 02:39:41,237 INFO     Training average negative_sample_loss at step 185000: 0.069820
2020-08-14 02:39:41,237 INFO     Training average loss at step 185000: 0.110710
2020-08-14 02:42:25,835 INFO     Training average positive_sample_loss at step 190000: 0.150466
2020-08-14 02:42:25,835 INFO     Training average negative_sample_loss at step 190000: 0.069763
2020-08-14 02:42:25,835 INFO     Training average loss at step 190000: 0.110605
2020-08-14 02:45:11,503 INFO     Training average positive_sample_loss at step 195000: 0.150292
2020-08-14 02:45:11,504 INFO     Training average negative_sample_loss at step 195000: 0.069721
2020-08-14 02:45:11,504 INFO     Training average loss at step 195000: 0.110474
2020-08-14 02:47:56,126 INFO     Evaluating on Valid Dataset...
2020-08-14 02:47:57,755 INFO     Evaluating the model... (0/2224)
2020-08-14 02:49:38,403 INFO     Evaluating the model... (1000/2224)
2020-08-14 02:51:23,839 INFO     Evaluating the model... (2000/2224)
2020-08-14 02:51:47,291 INFO     Valid MRR at step 199999: 0.143650
2020-08-14 02:51:47,292 INFO     Valid MR at step 199999: 9750.270483
2020-08-14 02:51:47,292 INFO     Valid HITS@1 at step 199999: 0.101389
2020-08-14 02:51:47,292 INFO     Valid HITS@3 at step 199999: 0.151015
2020-08-14 02:51:47,292 INFO     Valid HITS@10 at step 199999: 0.233172
Validation (199999): MRR - 0.1436495176261229;MR - 9750.270483045606;HITS@1 - 0.1013889669909464;HITS@3 - 0.15101501433953776;HITS@10 - 0.2331721306866108;
2020-08-14 02:51:48,940 INFO     Evaluating the model... (0/78)
Creating results of total :0 lines
Creating results of total :0 lines
Creating results of total :0 lines
Creating results of total :0 lines
Creating results of total :0 lines
Creating results of total :0 lines
Creating results of total :0 lines
Creating results of total :0 lines
Creating results of total :0 lines
Creating results of total :0 lines
Creating results of total :0 lines
Creating results of total :0 lines
Creating results of total :0 lines
Creating results of total :0 lines
Creating results of total :0 lines
Creating results of total :0 lines
Creating results of total :0 lines
Creating results of total :0 lines
Creating results of total :0 lines
Creating results of total :0 lines
Creating results of total :0 lines
Creating results of total :0 lines
Creating results of total :0 lines
Creating results of total :0 lines
Creating results of total :0 lines
Creating results of total :0 lines
Creating results of total :0 lines
Creating results of total :0 lines
Creating results of total :0 lines
Creating results of total :0 lines
Creating results of total :0 lines
Creating results of total :0 lines
Creating results of total :0 lines
Creating results of total :0 lines
Creating results of total :0 lines
Creating results of total :0 lines
Creating results of total :0 lines
Creating results of total :0 lines
Creating results of total :0 lines
Creating results of total :112 lines
Creating results of total :112 lines
Creating results of total :112 lines
Creating results of total :112 lines
Creating results of total :112 lines
Creating results of total :112 lines
Creating results of total :112 lines
Creating results of total :112 lines
Creating results of total :112 lines
Creating results of total :112 lines
Creating results of total :112 lines
Creating results of total :112 lines
Creating results of total :112 lines
Creating results of total :112 lines
Creating results of total :112 lines
Creating results of total :112 lines
Creating results of total :112 lines
Creating results of total :112 lines
Creating results of total :112 lines
Creating results of total :112 lines
Creating results of total :112 lines
Creating results of total :112 lines
Creating results of total :112 lines
Creating results of total :112 lines
Creating results of total :112 lines
Creating results of total :112 lines
Creating results of total :112 lines
Creating results of total :112 lines
Creating results of total :112 lines
Creating results of total :112 lines
Creating results of total :112 lines
Creating results of total :112 lines
Creating results of total :112 lines
Creating results of total :112 lines
Creating results of total :112 lines
Creating results of total :112 lines
Creating results of total :112 lines
Creating results of total :112 lines
Creating results of total :28 lines
2020-08-14 03:12:05,092 INFO     Test MRR at step 199999: 0.440535
2020-08-14 03:12:05,093 INFO     Test MR at step 199999: 151.048203
2020-08-14 03:12:05,093 INFO     Test HITS@1 at step 199999: 0.393791
2020-08-14 03:12:05,093 INFO     Test HITS@3 at step 199999: 0.477124
2020-08-14 03:12:05,093 INFO     Test HITS@10 at step 199999: 0.509804
#steps = 199999, #negs = 10, dim = 50;MRR: 0.44053541080985076;MR: 151.04820261437908;HITS@1: 0.3937908496732026;HITS@3: 0.477124183006536;HITS@10: 0.5098039215686274
2020-08-14 03:12:05,093 INFO     
-----------------------------------------------

2020-08-14 15:01:18,840 INFO     NO INJECTION
2020-08-14 15:01:18,840 INFO     Model: TransE
2020-08-14 15:01:18,840 INFO     Data Path: data/SD2020
2020-08-14 15:01:18,840 INFO     #entity: 68907
2020-08-14 15:01:18,840 INFO     #relation: 13
2020-08-14 15:01:18,980 INFO     #train: 142188
2020-08-14 15:01:18,998 INFO     #valid: 17783
2020-08-14 15:01:18,998 INFO     #test: 612
rules not injected
Temperature -  1.0

Model - TransE; opt - ada; batch size - 256; dataset - data/SD2020; lr - 0.1, gamma = 15.0; 
Loss fnc - uncertain_loss; inv - False; impl - False; sym - False; eq - False
2020-08-14 15:01:19,017 INFO     Model: TransE
2020-08-14 15:01:19,017 INFO     Data Path: data/SD2020
2020-08-14 15:01:19,017 INFO     #entity: 68907
2020-08-14 15:01:19,017 INFO     #relation: 13
2020-08-14 15:01:19,018 INFO     optimizer: ada
2020-08-14 15:01:19,018 INFO     learning rate: 0.100000
2020-08-14 15:01:19,018 INFO     loss: uncertain_loss
2020-08-14 15:01:19,018 INFO     Model Parameter Configuration:
2020-08-14 15:01:19,018 INFO     Parameter gamma: torch.Size([1]), require_grad = False
2020-08-14 15:01:19,018 INFO     Parameter embedding_range: torch.Size([1]), require_grad = False
2020-08-14 15:01:19,018 INFO     Parameter xi: torch.Size([142188, 1]), require_grad = True
2020-08-14 15:01:19,018 INFO     Parameter xi_neg: torch.Size([142188, 1]), require_grad = True
2020-08-14 15:01:19,018 INFO     Parameter entity_embedding: torch.Size([68907, 5]), require_grad = True
2020-08-14 15:01:19,018 INFO     Parameter relation_embedding: torch.Size([13, 5]), require_grad = True
2020-08-14 15:01:19,018 INFO     Loss function uncertain_loss
2020-08-14 15:01:22,656 INFO     Ramdomly Initializing TransE Model...
2020-08-14 15:01:22,656 INFO     Max steps - 200000
2020-08-14 15:01:22,656 INFO     Negative sample 10 
2020-08-14 15:01:24,235 INFO     Training average positive_sample_loss at step 0: 1.128870
2020-08-14 15:01:24,235 INFO     Training average negative_sample_loss at step 0: 6.606358
2020-08-14 15:01:24,235 INFO     Training average loss at step 0: 81699.453125
2020-08-14 15:04:06,189 INFO     Training average positive_sample_loss at step 5000: 2.465090
2020-08-14 15:04:06,189 INFO     Training average negative_sample_loss at step 5000: 2.749132
2020-08-14 15:04:06,189 INFO     Training average loss at step 5000: 8756.590047
2020-08-14 15:06:37,824 INFO     Training average positive_sample_loss at step 10000: 1.814000
2020-08-14 15:06:37,825 INFO     Training average negative_sample_loss at step 10000: 1.834457
2020-08-14 15:06:37,825 INFO     Training average loss at step 10000: 2.276799
2020-08-14 15:09:20,679 INFO     Training average positive_sample_loss at step 15000: 1.449029
2020-08-14 15:09:20,680 INFO     Training average negative_sample_loss at step 15000: 1.511774
2020-08-14 15:09:20,680 INFO     Training average loss at step 15000: 1.886505
2020-08-14 15:12:02,337 INFO     Training average positive_sample_loss at step 20000: 1.224710
2020-08-14 15:12:02,337 INFO     Training average negative_sample_loss at step 20000: 1.312345
2020-08-14 15:12:02,337 INFO     Training average loss at step 20000: 1.643683
2020-08-14 15:14:47,962 INFO     Training average positive_sample_loss at step 25000: 1.066669
2020-08-14 15:14:47,963 INFO     Training average negative_sample_loss at step 25000: 1.170601
2020-08-14 15:14:47,963 INFO     Training average loss at step 25000: 1.468796
2020-08-14 15:17:21,902 INFO     Training average positive_sample_loss at step 30000: 0.951767
2020-08-14 15:17:21,902 INFO     Training average negative_sample_loss at step 30000: 1.067386
2020-08-14 15:17:21,902 INFO     Training average loss at step 30000: 1.340310
2020-08-14 15:20:07,386 INFO     Training average positive_sample_loss at step 35000: 0.863852
2020-08-14 15:20:07,387 INFO     Training average negative_sample_loss at step 35000: 0.986208
2020-08-14 15:20:07,387 INFO     Training average loss at step 35000: 1.239038
2020-08-14 15:22:51,303 INFO     Training average positive_sample_loss at step 40000: 0.796450
2020-08-14 15:22:51,304 INFO     Training average negative_sample_loss at step 40000: 0.920478
2020-08-14 15:22:51,304 INFO     Training average loss at step 40000: 1.158260
2020-08-14 15:25:36,237 INFO     Training average positive_sample_loss at step 45000: 0.741646
2020-08-14 15:25:36,237 INFO     Training average negative_sample_loss at step 45000: 0.868701
2020-08-14 15:25:36,237 INFO     Training average loss at step 45000: 1.092491
2020-08-14 15:28:09,715 INFO     Training average positive_sample_loss at step 50000: 0.698188
2020-08-14 15:28:09,716 INFO     Training average negative_sample_loss at step 50000: 0.827814
2020-08-14 15:28:09,716 INFO     Training average loss at step 50000: 1.039841
2020-08-14 15:30:55,619 INFO     Training average positive_sample_loss at step 55000: 0.661466
2020-08-14 15:30:55,620 INFO     Training average negative_sample_loss at step 55000: 0.792695
2020-08-14 15:30:55,620 INFO     Training average loss at step 55000: 0.994011
2020-08-14 15:33:39,596 INFO     Training average positive_sample_loss at step 60000: 0.632385
2020-08-14 15:33:39,596 INFO     Training average negative_sample_loss at step 60000: 0.762828
2020-08-14 15:33:39,596 INFO     Training average loss at step 60000: 0.955736
2020-08-14 15:36:24,428 INFO     Training average positive_sample_loss at step 65000: 0.605549
2020-08-14 15:36:24,429 INFO     Training average negative_sample_loss at step 65000: 0.735102
2020-08-14 15:36:24,429 INFO     Training average loss at step 65000: 0.920499
2020-08-14 15:38:56,868 INFO     Training average positive_sample_loss at step 70000: 0.585247
2020-08-14 15:38:56,868 INFO     Training average negative_sample_loss at step 70000: 0.714440
2020-08-14 15:38:56,868 INFO     Training average loss at step 70000: 0.892744
2020-08-14 15:41:41,909 INFO     Training average positive_sample_loss at step 75000: 0.566392
2020-08-14 15:41:41,910 INFO     Training average negative_sample_loss at step 75000: 0.694943
2020-08-14 15:41:41,910 INFO     Training average loss at step 75000: 0.866835
2020-08-14 15:44:25,474 INFO     Training average positive_sample_loss at step 80000: 0.550418
2020-08-14 15:44:25,474 INFO     Training average negative_sample_loss at step 80000: 0.678956
2020-08-14 15:44:25,474 INFO     Training average loss at step 80000: 0.844727
2020-08-14 15:47:10,845 INFO     Training average positive_sample_loss at step 85000: 0.536029
2020-08-14 15:47:10,846 INFO     Training average negative_sample_loss at step 85000: 0.662404
2020-08-14 15:47:10,846 INFO     Training average loss at step 85000: 0.823612
2020-08-14 15:49:42,314 INFO     Training average positive_sample_loss at step 90000: 0.523968
2020-08-14 15:49:42,314 INFO     Training average negative_sample_loss at step 90000: 0.649314
2020-08-14 15:49:42,315 INFO     Training average loss at step 90000: 0.805355
2020-08-14 15:52:27,354 INFO     Training average positive_sample_loss at step 95000: 0.512684
2020-08-14 15:52:27,354 INFO     Training average negative_sample_loss at step 95000: 0.637839
2020-08-14 15:52:27,354 INFO     Training average loss at step 95000: 0.789139
2020-08-14 15:55:10,728 INFO     Change learning_rate to 0.010000 at step 100000
2020-08-14 15:55:11,336 INFO     Training average positive_sample_loss at step 100000: 0.503195
2020-08-14 15:55:11,336 INFO     Training average negative_sample_loss at step 100000: 0.626533
2020-08-14 15:55:11,336 INFO     Training average loss at step 100000: 0.774028
2020-08-14 15:57:57,394 INFO     Training average positive_sample_loss at step 105000: 0.494375
2020-08-14 15:57:57,394 INFO     Training average negative_sample_loss at step 105000: 0.614886
2020-08-14 15:57:57,395 INFO     Training average loss at step 105000: 0.587856
2020-08-14 16:00:41,363 INFO     Training average positive_sample_loss at step 110000: 0.486776
2020-08-14 16:00:41,363 INFO     Training average negative_sample_loss at step 110000: 0.608732
2020-08-14 16:00:41,363 INFO     Training average loss at step 110000: 0.552711
2020-08-14 16:03:14,545 INFO     Training average positive_sample_loss at step 115000: 0.482891
2020-08-14 16:03:14,546 INFO     Training average negative_sample_loss at step 115000: 0.602786
2020-08-14 16:03:14,546 INFO     Training average loss at step 115000: 0.546036
2020-08-14 16:05:57,996 INFO     Training average positive_sample_loss at step 120000: 0.480393
2020-08-14 16:05:57,996 INFO     Training average negative_sample_loss at step 120000: 0.600590
2020-08-14 16:05:57,996 INFO     Training average loss at step 120000: 0.542890
2020-08-14 16:08:44,852 INFO     Training average positive_sample_loss at step 125000: 0.478067
2020-08-14 16:08:44,853 INFO     Training average negative_sample_loss at step 125000: 0.597934
2020-08-14 16:08:44,853 INFO     Training average loss at step 125000: 0.539945
2020-08-14 16:11:29,281 INFO     Training average positive_sample_loss at step 130000: 0.476222
2020-08-14 16:11:29,281 INFO     Training average negative_sample_loss at step 130000: 0.595180
2020-08-14 16:11:29,281 INFO     Training average loss at step 130000: 0.537352
2020-08-14 16:14:02,351 INFO     Training average positive_sample_loss at step 135000: 0.474466
2020-08-14 16:14:02,352 INFO     Training average negative_sample_loss at step 135000: 0.593243
2020-08-14 16:14:02,352 INFO     Training average loss at step 135000: 0.535300
2020-08-14 16:16:46,160 INFO     Training average positive_sample_loss at step 140000: 0.473135
2020-08-14 16:16:46,161 INFO     Training average negative_sample_loss at step 140000: 0.591664
2020-08-14 16:16:46,161 INFO     Training average loss at step 140000: 0.533694
2020-08-14 16:19:32,076 INFO     Training average positive_sample_loss at step 145000: 0.471685
2020-08-14 16:19:32,076 INFO     Training average negative_sample_loss at step 145000: 0.588893
2020-08-14 16:19:32,076 INFO     Training average loss at step 145000: 0.531467
2020-08-14 16:22:14,773 INFO     Training average positive_sample_loss at step 150000: 0.470461
2020-08-14 16:22:14,773 INFO     Training average negative_sample_loss at step 150000: 0.588536
2020-08-14 16:22:14,773 INFO     Training average loss at step 150000: 0.530585
2020-08-14 16:24:05,073 INFO     Training average positive_sample_loss at step 155000: 0.469050
2020-08-14 16:24:05,074 INFO     Training average negative_sample_loss at step 155000: 0.585991
2020-08-14 16:24:05,074 INFO     Training average loss at step 155000: 0.528532
2020-08-14 16:26:23,527 INFO     Training average positive_sample_loss at step 160000: 0.467858
2020-08-14 16:26:23,528 INFO     Training average negative_sample_loss at step 160000: 0.585748
2020-08-14 16:26:23,528 INFO     Training average loss at step 160000: 0.527754
2020-08-14 16:29:08,398 INFO     Training average positive_sample_loss at step 165000: 0.466736
2020-08-14 16:29:08,399 INFO     Training average negative_sample_loss at step 165000: 0.583840
2020-08-14 16:29:08,399 INFO     Training average loss at step 165000: 0.526186
2020-08-14 16:31:52,958 INFO     Training average positive_sample_loss at step 170000: 0.465769
2020-08-14 16:31:52,958 INFO     Training average negative_sample_loss at step 170000: 0.581836
2020-08-14 16:31:52,958 INFO     Training average loss at step 170000: 0.524656
2020-08-14 16:34:38,958 INFO     Training average positive_sample_loss at step 175000: 0.464580
2020-08-14 16:34:38,959 INFO     Training average negative_sample_loss at step 175000: 0.581450
2020-08-14 16:34:38,959 INFO     Training average loss at step 175000: 0.523830
2020-08-14 16:37:12,669 INFO     Training average positive_sample_loss at step 180000: 0.463818
2020-08-14 16:37:12,669 INFO     Training average negative_sample_loss at step 180000: 0.580323
2020-08-14 16:37:12,669 INFO     Training average loss at step 180000: 0.522853
2020-08-14 16:39:57,043 INFO     Training average positive_sample_loss at step 185000: 0.462791
2020-08-14 16:39:57,044 INFO     Training average negative_sample_loss at step 185000: 0.579732
2020-08-14 16:39:57,044 INFO     Training average loss at step 185000: 0.522015
2020-08-14 16:42:40,370 INFO     Training average positive_sample_loss at step 190000: 0.462197
2020-08-14 16:42:40,370 INFO     Training average negative_sample_loss at step 190000: 0.578178
2020-08-14 16:42:40,370 INFO     Training average loss at step 190000: 0.520915
2020-08-14 16:45:25,665 INFO     Training average positive_sample_loss at step 195000: 0.461239
2020-08-14 16:45:25,665 INFO     Training average negative_sample_loss at step 195000: 0.577756
2020-08-14 16:45:25,666 INFO     Training average loss at step 195000: 0.520202
2020-08-14 16:48:02,116 INFO     Evaluating on Valid Dataset...
2020-08-14 16:48:03,632 INFO     Evaluating the model... (0/2224)
2020-08-14 16:49:45,158 INFO     Evaluating the model... (1000/2224)
2020-08-14 16:51:29,554 INFO     Evaluating the model... (2000/2224)
2020-08-14 16:51:52,744 INFO     Valid MRR at step 199999: 0.041473
2020-08-14 16:51:52,744 INFO     Valid MR at step 199999: 12569.800709
2020-08-14 16:51:52,744 INFO     Valid HITS@1 at step 199999: 0.027554
2020-08-14 16:51:52,744 INFO     Valid HITS@3 at step 199999: 0.040854
2020-08-14 16:51:52,745 INFO     Valid HITS@10 at step 199999: 0.069926
Validation (199999): MRR - 0.04147349920357781;MR - 12569.800708541867;HITS@1 - 0.027554405893268852;HITS@3 - 0.04085362424787719;HITS@10 - 0.06992633413934657;
2020-08-14 16:51:54,198 INFO     Evaluating the model... (0/78)
Creating results of total :0 lines
Creating results of total :0 lines
Creating results of total :0 lines
Creating results of total :0 lines
Creating results of total :0 lines
Creating results of total :0 lines
Creating results of total :0 lines
Creating results of total :0 lines
Creating results of total :0 lines
Creating results of total :0 lines
Creating results of total :0 lines
Creating results of total :0 lines
Creating results of total :0 lines
Creating results of total :0 lines
Creating results of total :0 lines
Creating results of total :0 lines
Creating results of total :0 lines
Creating results of total :0 lines
Creating results of total :0 lines
Creating results of total :0 lines
Creating results of total :0 lines
Creating results of total :0 lines
Creating results of total :0 lines
Creating results of total :0 lines
Creating results of total :0 lines
Creating results of total :0 lines
Creating results of total :0 lines
Creating results of total :0 lines
Creating results of total :0 lines
Creating results of total :0 lines
Creating results of total :0 lines
Creating results of total :0 lines
Creating results of total :0 lines
Creating results of total :0 lines
Creating results of total :0 lines
Creating results of total :0 lines
Creating results of total :0 lines
Creating results of total :0 lines
Creating results of total :0 lines
Creating results of total :112 lines
Creating results of total :112 lines
Creating results of total :112 lines
Creating results of total :112 lines
Creating results of total :112 lines
Creating results of total :112 lines
Creating results of total :112 lines
Creating results of total :112 lines
Creating results of total :112 lines
Creating results of total :112 lines
Creating results of total :112 lines
Creating results of total :112 lines
Creating results of total :112 lines
Creating results of total :112 lines
Creating results of total :112 lines
Creating results of total :112 lines
Creating results of total :112 lines
Creating results of total :112 lines
Creating results of total :112 lines
Creating results of total :112 lines
Creating results of total :112 lines
Creating results of total :112 lines
Creating results of total :112 lines
Creating results of total :112 lines
Creating results of total :112 lines
Creating results of total :112 lines
Creating results of total :112 lines
Creating results of total :112 lines
Creating results of total :112 lines
Creating results of total :112 lines
Creating results of total :112 lines
Creating results of total :112 lines
Creating results of total :112 lines
Creating results of total :112 lines
Creating results of total :112 lines
Creating results of total :112 lines
Creating results of total :112 lines
Creating results of total :112 lines
Creating results of total :28 lines
2020-08-14 17:18:03,667 INFO     Test MRR at step 199999: 0.270745
2020-08-14 17:18:03,667 INFO     Test MR at step 199999: 690.893791
2020-08-14 17:18:03,667 INFO     Test HITS@1 at step 199999: 0.214869
2020-08-14 17:18:03,667 INFO     Test HITS@3 at step 199999: 0.284314
2020-08-14 17:18:03,667 INFO     Test HITS@10 at step 199999: 0.397059
#steps = 199999, #negs = 10, dim = 5;MRR: 0.2707451416570178;MR: 690.8937908496732;HITS@1: 0.21486928104575165;HITS@3: 0.28431372549019607;HITS@10: 0.39705882352941174
2020-08-14 17:18:03,668 INFO     
-----------------------------------------------

2020-08-14 17:18:05,632 INFO     NO INJECTION
2020-08-14 17:18:05,633 INFO     Model: TransE
2020-08-14 17:18:05,633 INFO     Data Path: data/SD2020
2020-08-14 17:18:05,633 INFO     #entity: 68907
2020-08-14 17:18:05,633 INFO     #relation: 13
2020-08-14 17:18:05,769 INFO     #train: 142188
2020-08-14 17:18:05,786 INFO     #valid: 17783
2020-08-14 17:18:05,787 INFO     #test: 612
rules not injected
Temperature -  1.0

Model - TransE; opt - ada; batch size - 256; dataset - data/SD2020; lr - 0.1, gamma = 4.0; 
Loss fnc - uncertain_loss; inv - False; impl - False; sym - False; eq - False
2020-08-14 17:18:05,828 INFO     Model: TransE
2020-08-14 17:18:05,829 INFO     Data Path: data/SD2020
2020-08-14 17:18:05,829 INFO     #entity: 68907
2020-08-14 17:18:05,829 INFO     #relation: 13
2020-08-14 17:18:05,829 INFO     optimizer: ada
2020-08-14 17:18:05,829 INFO     learning rate: 0.100000
2020-08-14 17:18:05,829 INFO     loss: uncertain_loss
2020-08-14 17:18:05,829 INFO     Model Parameter Configuration:
2020-08-14 17:18:05,829 INFO     Parameter gamma: torch.Size([1]), require_grad = False
2020-08-14 17:18:05,829 INFO     Parameter embedding_range: torch.Size([1]), require_grad = False
2020-08-14 17:18:05,830 INFO     Parameter xi: torch.Size([142188, 1]), require_grad = True
2020-08-14 17:18:05,830 INFO     Parameter xi_neg: torch.Size([142188, 1]), require_grad = True
2020-08-14 17:18:05,830 INFO     Parameter entity_embedding: torch.Size([68907, 50]), require_grad = True
2020-08-14 17:18:05,830 INFO     Parameter relation_embedding: torch.Size([13, 50]), require_grad = True
2020-08-14 17:18:05,830 INFO     Loss function uncertain_loss
2020-08-14 17:18:08,179 INFO     Ramdomly Initializing TransE Model...
2020-08-14 17:18:08,179 INFO     Max steps - 200000
2020-08-14 17:18:08,179 INFO     Negative sample 10 
2020-08-14 17:18:09,747 INFO     Training average positive_sample_loss at step 0: 1.190852
2020-08-14 17:18:09,748 INFO     Training average negative_sample_loss at step 0: 0.431953
2020-08-14 17:18:09,748 INFO     Training average loss at step 0: 69805.296875
2020-08-14 17:18:57,551 INFO     Training average positive_sample_loss at step 5000: 0.684516
2020-08-14 17:18:57,551 INFO     Training average negative_sample_loss at step 5000: 0.251223
2020-08-14 17:18:57,551 INFO     Training average loss at step 5000: 8714.907260
2020-08-14 17:19:45,678 INFO     Training average positive_sample_loss at step 10000: 0.238326
2020-08-14 17:19:45,678 INFO     Training average negative_sample_loss at step 10000: 0.133843
2020-08-14 17:19:45,678 INFO     Training average loss at step 10000: 0.635105
2020-08-14 17:20:35,639 INFO     Training average positive_sample_loss at step 15000: 0.210797
2020-08-14 17:20:35,639 INFO     Training average negative_sample_loss at step 15000: 0.113630
2020-08-14 17:20:35,639 INFO     Training average loss at step 15000: 0.564718
2020-08-14 17:21:25,267 INFO     Training average positive_sample_loss at step 20000: 0.200271
2020-08-14 17:21:25,267 INFO     Training average negative_sample_loss at step 20000: 0.104447
2020-08-14 17:21:25,267 INFO     Training average loss at step 20000: 0.523047
2020-08-14 17:22:16,035 INFO     Training average positive_sample_loss at step 25000: 0.192794
2020-08-14 17:22:16,035 INFO     Training average negative_sample_loss at step 25000: 0.098833
2020-08-14 17:22:16,035 INFO     Training average loss at step 25000: 0.491993
2020-08-14 17:23:04,746 INFO     Training average positive_sample_loss at step 30000: 0.188619
2020-08-14 17:23:04,747 INFO     Training average negative_sample_loss at step 30000: 0.094963
2020-08-14 17:23:04,747 INFO     Training average loss at step 30000: 0.468519
2020-08-14 17:23:55,015 INFO     Training average positive_sample_loss at step 35000: 0.184652
2020-08-14 17:23:55,015 INFO     Training average negative_sample_loss at step 35000: 0.092062
2020-08-14 17:23:55,015 INFO     Training average loss at step 35000: 0.448721
2020-08-14 17:24:45,078 INFO     Training average positive_sample_loss at step 40000: 0.182699
2020-08-14 17:24:45,078 INFO     Training average negative_sample_loss at step 40000: 0.089952
2020-08-14 17:24:45,078 INFO     Training average loss at step 40000: 0.432566
2020-08-14 17:25:36,163 INFO     Training average positive_sample_loss at step 45000: 0.179859
2020-08-14 17:25:36,164 INFO     Training average negative_sample_loss at step 45000: 0.088051
2020-08-14 17:25:36,164 INFO     Training average loss at step 45000: 0.417771
2020-08-14 17:26:25,665 INFO     Training average positive_sample_loss at step 50000: 0.178609
2020-08-14 17:26:25,665 INFO     Training average negative_sample_loss at step 50000: 0.086573
2020-08-14 17:26:25,665 INFO     Training average loss at step 50000: 0.406059
2020-08-14 17:27:17,005 INFO     Training average positive_sample_loss at step 55000: 0.176478
2020-08-14 17:27:17,005 INFO     Training average negative_sample_loss at step 55000: 0.085255
2020-08-14 17:27:17,005 INFO     Training average loss at step 55000: 0.394356
2020-08-14 17:28:05,859 INFO     Training average positive_sample_loss at step 60000: 0.175613
2020-08-14 17:28:05,860 INFO     Training average negative_sample_loss at step 60000: 0.084261
2020-08-14 17:28:05,860 INFO     Training average loss at step 60000: 0.385145
2020-08-14 17:28:56,129 INFO     Training average positive_sample_loss at step 65000: 0.174009
2020-08-14 17:28:56,130 INFO     Training average negative_sample_loss at step 65000: 0.083409
2020-08-14 17:28:56,130 INFO     Training average loss at step 65000: 0.375796
2020-08-14 17:29:46,223 INFO     Training average positive_sample_loss at step 70000: 0.173279
2020-08-14 17:29:46,223 INFO     Training average negative_sample_loss at step 70000: 0.082470
2020-08-14 17:29:46,223 INFO     Training average loss at step 70000: 0.367761
2020-08-14 17:30:37,545 INFO     Training average positive_sample_loss at step 75000: 0.171909
2020-08-14 17:30:37,545 INFO     Training average negative_sample_loss at step 75000: 0.081817
2020-08-14 17:30:37,545 INFO     Training average loss at step 75000: 0.360005
2020-08-14 17:31:27,068 INFO     Training average positive_sample_loss at step 80000: 0.171458
2020-08-14 17:31:27,068 INFO     Training average negative_sample_loss at step 80000: 0.081166
2020-08-14 17:31:27,068 INFO     Training average loss at step 80000: 0.353668
2020-08-14 17:32:17,745 INFO     Training average positive_sample_loss at step 85000: 0.170356
2020-08-14 17:32:17,746 INFO     Training average negative_sample_loss at step 85000: 0.080565
2020-08-14 17:32:17,746 INFO     Training average loss at step 85000: 0.346986
2020-08-14 17:33:06,619 INFO     Training average positive_sample_loss at step 90000: 0.169836
2020-08-14 17:33:06,620 INFO     Training average negative_sample_loss at step 90000: 0.079966
2020-08-14 17:33:06,620 INFO     Training average loss at step 90000: 0.341041
2020-08-14 17:33:57,508 INFO     Training average positive_sample_loss at step 95000: 0.168842
2020-08-14 17:33:57,509 INFO     Training average negative_sample_loss at step 95000: 0.079504
2020-08-14 17:33:57,509 INFO     Training average loss at step 95000: 0.335440
2020-08-14 17:34:46,585 INFO     Change learning_rate to 0.010000 at step 100000
2020-08-14 17:34:47,195 INFO     Training average positive_sample_loss at step 100000: 0.168536
2020-08-14 17:34:47,195 INFO     Training average negative_sample_loss at step 100000: 0.079109
2020-08-14 17:34:47,195 INFO     Training average loss at step 100000: 0.330362
2020-08-14 17:35:38,436 INFO     Training average positive_sample_loss at step 105000: 0.184138
2020-08-14 17:35:38,437 INFO     Training average negative_sample_loss at step 105000: 0.072558
2020-08-14 17:35:38,437 INFO     Training average loss at step 105000: 0.161058
2020-08-14 17:36:28,301 INFO     Training average positive_sample_loss at step 110000: 0.165742
2020-08-14 17:36:28,301 INFO     Training average negative_sample_loss at step 110000: 0.075115
2020-08-14 17:36:28,301 INFO     Training average loss at step 110000: 0.125126
2020-08-14 17:37:18,899 INFO     Training average positive_sample_loss at step 115000: 0.162119
2020-08-14 17:37:18,899 INFO     Training average negative_sample_loss at step 115000: 0.075687
2020-08-14 17:37:18,899 INFO     Training average loss at step 115000: 0.121840
2020-08-14 17:38:08,007 INFO     Training average positive_sample_loss at step 120000: 0.160705
2020-08-14 17:38:08,008 INFO     Training average negative_sample_loss at step 120000: 0.075934
2020-08-14 17:38:08,008 INFO     Training average loss at step 120000: 0.120469
2020-08-14 17:38:58,200 INFO     Training average positive_sample_loss at step 125000: 0.159619
2020-08-14 17:38:58,200 INFO     Training average negative_sample_loss at step 125000: 0.075907
2020-08-14 17:38:58,200 INFO     Training average loss at step 125000: 0.119461
2020-08-14 17:39:48,691 INFO     Training average positive_sample_loss at step 130000: 0.159225
2020-08-14 17:39:48,692 INFO     Training average negative_sample_loss at step 130000: 0.075977
2020-08-14 17:39:48,692 INFO     Training average loss at step 130000: 0.119010
2020-08-14 17:40:39,497 INFO     Training average positive_sample_loss at step 135000: 0.158661
2020-08-14 17:40:39,498 INFO     Training average negative_sample_loss at step 135000: 0.075722
2020-08-14 17:40:39,498 INFO     Training average loss at step 135000: 0.118395
2020-08-14 17:41:29,384 INFO     Training average positive_sample_loss at step 140000: 0.158435
2020-08-14 17:41:29,384 INFO     Training average negative_sample_loss at step 140000: 0.075835
2020-08-14 17:41:29,384 INFO     Training average loss at step 140000: 0.118190
2020-08-14 17:42:20,350 INFO     Training average positive_sample_loss at step 145000: 0.158100
2020-08-14 17:42:20,350 INFO     Training average negative_sample_loss at step 145000: 0.075536
2020-08-14 17:42:20,350 INFO     Training average loss at step 145000: 0.117757
2020-08-14 17:43:09,484 INFO     Training average positive_sample_loss at step 150000: 0.157927
2020-08-14 17:43:09,485 INFO     Training average negative_sample_loss at step 150000: 0.075527
2020-08-14 17:43:09,485 INFO     Training average loss at step 150000: 0.117576
2020-08-14 17:43:59,624 INFO     Training average positive_sample_loss at step 155000: 0.157737
2020-08-14 17:43:59,624 INFO     Training average negative_sample_loss at step 155000: 0.075329
2020-08-14 17:43:59,625 INFO     Training average loss at step 155000: 0.117307
2020-08-14 17:44:49,158 INFO     Training average positive_sample_loss at step 160000: 0.157514
2020-08-14 17:44:49,158 INFO     Training average negative_sample_loss at step 160000: 0.075283
2020-08-14 17:44:49,158 INFO     Training average loss at step 160000: 0.117112
2020-08-14 17:45:40,093 INFO     Training average positive_sample_loss at step 165000: 0.157303
2020-08-14 17:45:40,093 INFO     Training average negative_sample_loss at step 165000: 0.075256
2020-08-14 17:45:40,093 INFO     Training average loss at step 165000: 0.116942
2020-08-14 17:46:30,021 INFO     Training average positive_sample_loss at step 170000: 0.157321
2020-08-14 17:46:30,022 INFO     Training average negative_sample_loss at step 170000: 0.075065
2020-08-14 17:46:30,022 INFO     Training average loss at step 170000: 0.116812
2020-08-14 17:47:20,888 INFO     Training average positive_sample_loss at step 175000: 0.157062
2020-08-14 17:47:20,889 INFO     Training average negative_sample_loss at step 175000: 0.075096
2020-08-14 17:47:20,889 INFO     Training average loss at step 175000: 0.116659
2020-08-14 17:48:09,879 INFO     Training average positive_sample_loss at step 180000: 0.157128
2020-08-14 17:48:09,879 INFO     Training average negative_sample_loss at step 180000: 0.075078
2020-08-14 17:48:09,879 INFO     Training average loss at step 180000: 0.116651
2020-08-14 17:48:59,977 INFO     Training average positive_sample_loss at step 185000: 0.156898
2020-08-14 17:48:59,978 INFO     Training average negative_sample_loss at step 185000: 0.074937
2020-08-14 17:48:59,978 INFO     Training average loss at step 185000: 0.116437
2020-08-14 17:49:49,797 INFO     Training average positive_sample_loss at step 190000: 0.156865
2020-08-14 17:49:49,797 INFO     Training average negative_sample_loss at step 190000: 0.074920
2020-08-14 17:49:49,797 INFO     Training average loss at step 190000: 0.116387
2020-08-14 17:50:40,529 INFO     Training average positive_sample_loss at step 195000: 0.156806
2020-08-14 17:50:40,530 INFO     Training average negative_sample_loss at step 195000: 0.074766
2020-08-14 17:50:40,530 INFO     Training average loss at step 195000: 0.116257
2020-08-14 17:51:30,433 INFO     Evaluating on Valid Dataset...
2020-08-14 17:51:32,037 INFO     Evaluating the model... (0/2224)
2020-08-14 17:53:14,809 INFO     Evaluating the model... (1000/2224)
2020-08-14 17:55:00,276 INFO     Evaluating the model... (2000/2224)
2020-08-14 17:55:23,179 INFO     Valid MRR at step 199999: 0.144687
2020-08-14 17:55:23,180 INFO     Valid MR at step 199999: 10345.283107
2020-08-14 17:55:23,180 INFO     Valid HITS@1 at step 199999: 0.104426
2020-08-14 17:55:23,180 INFO     Valid HITS@3 at step 199999: 0.154755
2020-08-14 17:55:23,180 INFO     Valid HITS@10 at step 199999: 0.225187
Validation (199999): MRR - 0.14468695079134308;MR - 10345.283107462183;HITS@1 - 0.10442557498734746;HITS@3 - 0.15475454085362425;HITS@10 - 0.22518697632570434;
2020-08-14 17:55:24,408 INFO     Evaluating the model... (0/78)
Creating results of total :0 lines
Creating results of total :0 lines
Creating results of total :0 lines
Creating results of total :0 lines
Creating results of total :0 lines
Creating results of total :0 lines
Creating results of total :0 lines
Creating results of total :0 lines
Creating results of total :0 lines
Creating results of total :0 lines
Creating results of total :0 lines
Creating results of total :0 lines
Creating results of total :0 lines
Creating results of total :0 lines
Creating results of total :0 lines
Creating results of total :0 lines
Creating results of total :0 lines
Creating results of total :0 lines
Creating results of total :0 lines
Creating results of total :0 lines
Creating results of total :0 lines
Creating results of total :0 lines
Creating results of total :0 lines
Creating results of total :0 lines
Creating results of total :0 lines
Creating results of total :0 lines
Creating results of total :0 lines
Creating results of total :0 lines
Creating results of total :0 lines
Creating results of total :0 lines
Creating results of total :0 lines
Creating results of total :0 lines
Creating results of total :0 lines
Creating results of total :0 lines
Creating results of total :0 lines
Creating results of total :0 lines
Creating results of total :0 lines
Creating results of total :0 lines
Creating results of total :0 lines
Creating results of total :112 lines
Creating results of total :112 lines
Creating results of total :112 lines
Creating results of total :112 lines
Creating results of total :112 lines
Creating results of total :112 lines
Creating results of total :112 lines
Creating results of total :112 lines
Creating results of total :112 lines
Creating results of total :112 lines
Creating results of total :112 lines
Creating results of total :112 lines
Creating results of total :112 lines
Creating results of total :112 lines
Creating results of total :112 lines
Creating results of total :112 lines
Creating results of total :112 lines
Creating results of total :112 lines
Creating results of total :112 lines
Creating results of total :112 lines
Creating results of total :112 lines
Creating results of total :112 lines
Creating results of total :112 lines
Creating results of total :112 lines
Creating results of total :112 lines
Creating results of total :112 lines
Creating results of total :112 lines
Creating results of total :112 lines
Creating results of total :112 lines
Creating results of total :112 lines
Creating results of total :112 lines
Creating results of total :112 lines
Creating results of total :112 lines
Creating results of total :112 lines
Creating results of total :112 lines
Creating results of total :112 lines
Creating results of total :112 lines
Creating results of total :112 lines
Creating results of total :28 lines
2020-08-14 18:17:15,547 INFO     Test MRR at step 199999: 0.439412
2020-08-14 18:17:15,547 INFO     Test MR at step 199999: 151.517974
2020-08-14 18:17:15,547 INFO     Test HITS@1 at step 199999: 0.392157
2020-08-14 18:17:15,548 INFO     Test HITS@3 at step 199999: 0.472222
2020-08-14 18:17:15,548 INFO     Test HITS@10 at step 199999: 0.507353
#steps = 199999, #negs = 10, dim = 50;MRR: 0.43941181970588905;MR: 151.51797385620915;HITS@1: 0.39215686274509803;HITS@3: 0.4722222222222222;HITS@10: 0.5073529411764706
2020-08-14 18:17:15,548 INFO     
-----------------------------------------------

