2020-08-28 00:39:07,150 INFO     NO INJECTION
2020-08-28 00:39:07,150 INFO     Model: QuatE
2020-08-28 00:39:07,150 INFO     Data Path: data/SD2020
2020-08-28 00:39:07,150 INFO     #entity: 68907
2020-08-28 00:39:07,150 INFO     #relation: 13
2020-08-28 00:39:07,283 INFO     #train: 142188
2020-08-28 00:39:07,289 INFO     #valid: 5437
2020-08-28 00:39:07,289 INFO     #test: 612
is cuda available?  True
GeForce RTX 2080
Temperature -  1.0

Model - QuatE; opt - ada; batch size - 256; dataset - data/SD2020; lr - 0.1, gamma = 2.0; 
Loss fnc - rotate; inv - False; impl - False; sym - False; eq - False
torch version: 1.2.0
2020-08-28 00:39:07,550 INFO     Model: QuatE
2020-08-28 00:39:07,550 INFO     Data Path: data/SD2020
2020-08-28 00:39:07,550 INFO     #entity: 68907
2020-08-28 00:39:07,550 INFO     #relation: 13
2020-08-28 00:39:07,550 INFO     optimizer: ada
2020-08-28 00:39:07,550 INFO     learning rate: 0.100000
2020-08-28 00:39:07,550 INFO     loss: rotate
2020-08-28 00:39:07,550 INFO     Model Parameter Configuration:
2020-08-28 00:39:07,551 INFO     Parameter gamma: torch.Size([1]), require_grad = False
2020-08-28 00:39:07,551 INFO     Parameter embedding_range: torch.Size([1]), require_grad = False
2020-08-28 00:39:07,551 INFO     Parameter entity_embedding: torch.Size([68907, 200]), require_grad = True
2020-08-28 00:39:07,551 INFO     Parameter relation_embedding: torch.Size([13, 200]), require_grad = True
2020-08-28 00:39:07,551 INFO     Loss function rotate
2020-08-28 00:39:09,970 INFO     Randomly Initializing QuatE Model...
2020-08-28 00:39:09,970 INFO     Max steps - 50000
2020-08-28 00:39:09,970 INFO     Negative sample 10 
2020-08-28 00:39:11,519 INFO     Training average positive_sample_loss at step 0: 0.693148
2020-08-28 00:39:11,519 INFO     Training average negative_sample_loss at step 0: 0.693147
2020-08-28 00:39:11,519 INFO     Training average loss at step 0: 0.693227
2020-08-28 00:39:52,252 INFO     Training average positive_sample_loss at step 2000: 0.534028
2020-08-28 00:39:52,253 INFO     Training average negative_sample_loss at step 2000: 0.700357
2020-08-28 00:39:52,253 INFO     Training average loss at step 2000: 0.723159
2020-08-28 00:40:32,564 INFO     Training average positive_sample_loss at step 4000: 0.484610
2020-08-28 00:40:32,564 INFO     Training average negative_sample_loss at step 4000: 0.713491
2020-08-28 00:40:32,564 INFO     Training average loss at step 4000: 0.682076
2020-08-28 00:41:13,979 INFO     Training average positive_sample_loss at step 6000: 0.470815
2020-08-28 00:41:13,979 INFO     Training average negative_sample_loss at step 6000: 0.713635
2020-08-28 00:41:13,979 INFO     Training average loss at step 6000: 0.674811
2020-08-28 00:41:55,290 INFO     Training average positive_sample_loss at step 8000: 0.461986
2020-08-28 00:41:55,291 INFO     Training average negative_sample_loss at step 8000: 0.713151
2020-08-28 00:41:55,291 INFO     Training average loss at step 8000: 0.671002
2020-08-28 00:42:35,700 INFO     Training average positive_sample_loss at step 10000: 0.456310
2020-08-28 00:42:35,700 INFO     Training average negative_sample_loss at step 10000: 0.712670
2020-08-28 00:42:35,701 INFO     Training average loss at step 10000: 0.668922
2020-08-28 00:43:17,008 INFO     Training average positive_sample_loss at step 12000: 0.447711
2020-08-28 00:43:17,008 INFO     Training average negative_sample_loss at step 12000: 0.712390
2020-08-28 00:43:17,009 INFO     Training average loss at step 12000: 0.665262
2020-08-28 00:43:58,980 INFO     Training average positive_sample_loss at step 14000: 0.444502
2020-08-28 00:43:58,980 INFO     Training average negative_sample_loss at step 14000: 0.711954
2020-08-28 00:43:58,980 INFO     Training average loss at step 14000: 0.663861
2020-08-28 00:44:39,455 INFO     Training average positive_sample_loss at step 16000: 0.441195
2020-08-28 00:44:39,455 INFO     Training average negative_sample_loss at step 16000: 0.711805
2020-08-28 00:44:39,456 INFO     Training average loss at step 16000: 0.662551
2020-08-28 00:45:20,651 INFO     Training average positive_sample_loss at step 18000: 0.439634
2020-08-28 00:45:20,651 INFO     Training average negative_sample_loss at step 18000: 0.711516
2020-08-28 00:45:20,651 INFO     Training average loss at step 18000: 0.661925
2020-08-28 00:46:01,403 INFO     Training average positive_sample_loss at step 20000: 0.437840
2020-08-28 00:46:01,404 INFO     Training average negative_sample_loss at step 20000: 0.711238
2020-08-28 00:46:01,404 INFO     Training average loss at step 20000: 0.661374
2020-08-28 00:46:01,410 INFO     Evaluating on Valid Dataset...
2020-08-28 00:46:02,046 INFO     Evaluating the model... (0/1360)
2020-08-28 00:46:28,070 INFO     Evaluating the model... (1000/1360)
2020-08-28 00:46:37,576 INFO     Valid MRR at step 20000: 0.426376
2020-08-28 00:46:37,579 INFO     Valid MR at step 20000: 1440.380357
2020-08-28 00:46:37,581 INFO     Valid HITS@1 at step 20000: 0.340997
2020-08-28 00:46:37,583 INFO     Valid HITS@3 at step 20000: 0.472503
2020-08-28 00:46:37,585 INFO     Valid HITS@10 at step 20000: 0.579180
Validation (20000): MRR - 0.42637615850102;MR - 1440.3803568144197;HITS@1 - 0.3409968732757035;HITS@3 - 0.4725032186867758;HITS@10 - 0.5791796946845686;
2020-08-28 00:47:18,518 INFO     Training average positive_sample_loss at step 22000: 0.432725
2020-08-28 00:47:18,518 INFO     Training average negative_sample_loss at step 22000: 0.711127
2020-08-28 00:47:18,518 INFO     Training average loss at step 22000: 0.659156
2020-08-28 00:47:59,652 INFO     Training average positive_sample_loss at step 24000: 0.431963
2020-08-28 00:47:59,652 INFO     Training average negative_sample_loss at step 24000: 0.711084
2020-08-28 00:47:59,652 INFO     Training average loss at step 24000: 0.658772
2020-08-28 00:48:20,378 INFO     Change learning_rate to 0.010000 at step 25000
2020-08-28 00:48:41,144 INFO     Training average positive_sample_loss at step 26000: 0.510483
2020-08-28 00:48:41,145 INFO     Training average negative_sample_loss at step 26000: 0.705141
2020-08-28 00:48:41,145 INFO     Training average loss at step 26000: 0.665905
2020-08-28 00:49:21,940 INFO     Training average positive_sample_loss at step 28000: 0.540879
2020-08-28 00:49:21,941 INFO     Training average negative_sample_loss at step 28000: 0.704872
2020-08-28 00:49:21,941 INFO     Training average loss at step 28000: 0.661011
2020-08-28 00:50:02,714 INFO     Training average positive_sample_loss at step 30000: 0.506024
2020-08-28 00:50:02,714 INFO     Training average negative_sample_loss at step 30000: 0.708677
2020-08-28 00:50:02,714 INFO     Training average loss at step 30000: 0.655449
2020-08-28 00:50:42,985 INFO     Training average positive_sample_loss at step 32000: 0.484798
2020-08-28 00:50:42,986 INFO     Training average negative_sample_loss at step 32000: 0.710839
2020-08-28 00:50:42,986 INFO     Training average loss at step 32000: 0.652612
2020-08-28 00:51:24,356 INFO     Training average positive_sample_loss at step 34000: 0.471608
2020-08-28 00:51:24,357 INFO     Training average negative_sample_loss at step 34000: 0.711870
2020-08-28 00:51:24,357 INFO     Training average loss at step 34000: 0.651308
2020-08-28 00:52:05,315 INFO     Training average positive_sample_loss at step 36000: 0.461844
2020-08-28 00:52:05,315 INFO     Training average negative_sample_loss at step 36000: 0.712866
2020-08-28 00:52:05,315 INFO     Training average loss at step 36000: 0.650505
2020-08-28 00:52:46,102 INFO     Training average positive_sample_loss at step 38000: 0.455066
2020-08-28 00:52:46,102 INFO     Training average negative_sample_loss at step 38000: 0.713260
2020-08-28 00:52:46,102 INFO     Training average loss at step 38000: 0.650128
2020-08-28 00:53:25,827 INFO     Training average positive_sample_loss at step 40000: 0.449146
2020-08-28 00:53:25,827 INFO     Training average negative_sample_loss at step 40000: 0.713521
2020-08-28 00:53:25,827 INFO     Training average loss at step 40000: 0.649534
2020-08-28 00:53:25,843 INFO     Evaluating on Valid Dataset...
2020-08-28 00:53:26,429 INFO     Evaluating the model... (0/1360)
2020-08-28 00:53:50,944 INFO     Evaluating the model... (1000/1360)
2020-08-28 00:53:59,593 INFO     Valid MRR at step 40000: 0.427178
2020-08-28 00:53:59,595 INFO     Valid MR at step 40000: 1230.874379
2020-08-28 00:53:59,597 INFO     Valid HITS@1 at step 40000: 0.342836
2020-08-28 00:53:59,598 INFO     Valid HITS@3 at step 40000: 0.474710
2020-08-28 00:53:59,598 INFO     Valid HITS@10 at step 40000: 0.577708
Validation (40000): MRR - 0.4271784338464663;MR - 1230.8743792532646;HITS@1 - 0.34283612286187237;HITS@3 - 0.4747103181901784;HITS@10 - 0.5777082950156336;
2020-08-28 00:54:40,324 INFO     Training average positive_sample_loss at step 42000: 0.443974
2020-08-28 00:54:40,325 INFO     Training average negative_sample_loss at step 42000: 0.713848
2020-08-28 00:54:40,325 INFO     Training average loss at step 42000: 0.648956
2020-08-28 00:55:20,782 INFO     Training average positive_sample_loss at step 44000: 0.440458
2020-08-28 00:55:20,782 INFO     Training average negative_sample_loss at step 44000: 0.713706
2020-08-28 00:55:20,782 INFO     Training average loss at step 44000: 0.648654
2020-08-28 00:56:01,482 INFO     Training average positive_sample_loss at step 46000: 0.437271
2020-08-28 00:56:01,483 INFO     Training average negative_sample_loss at step 46000: 0.713899
2020-08-28 00:56:01,483 INFO     Training average loss at step 46000: 0.648485
2020-08-28 00:56:42,073 INFO     Training average positive_sample_loss at step 48000: 0.434823
2020-08-28 00:56:42,074 INFO     Training average negative_sample_loss at step 48000: 0.713766
2020-08-28 00:56:42,074 INFO     Training average loss at step 48000: 0.648340
2020-08-28 00:57:22,876 INFO     Evaluating on Valid Dataset...
2020-08-28 00:57:23,629 INFO     Evaluating the model... (0/1360)
2020-08-28 00:57:50,698 INFO     Evaluating the model... (1000/1360)
2020-08-28 00:58:00,416 INFO     Valid MRR at step 49999: 0.425945
2020-08-28 00:58:00,416 INFO     Valid MR at step 49999: 1239.511127
2020-08-28 00:58:00,416 INFO     Valid HITS@1 at step 49999: 0.340445
2020-08-28 00:58:00,416 INFO     Valid HITS@3 at step 49999: 0.473239
2020-08-28 00:58:00,416 INFO     Valid HITS@10 at step 49999: 0.579548
2020-08-28 00:58:01,157 INFO     Evaluating the model... (0/153)
2020-08-28 00:58:05,187 INFO     Test MRR at step 49999: 0.961356
2020-08-28 00:58:05,188 INFO     Test MR at step 49999: 1.122549
2020-08-28 00:58:05,188 INFO     Test HITS@1 at step 49999: 0.933007
2020-08-28 00:58:05,188 INFO     Test HITS@3 at step 49999: 0.990196
2020-08-28 00:58:05,188 INFO     Test HITS@10 at step 49999: 0.998366
#steps = 49999, #negs = 10, dim = 50;
MRR: 0.9613562091503268;MR: 1.1225490196078431;HITS@1: 0.9330065359477124;HITS@3: 0.9901960784313726;HITS@10: 0.9983660130718954
2020-08-28 00:58:05,188 INFO     
-----------------------------------------------

2020-08-28 00:58:07,072 INFO     NO INJECTION
2020-08-28 00:58:07,072 INFO     Model: QuatE
2020-08-28 00:58:07,073 INFO     Data Path: data/SD2020
2020-08-28 00:58:07,073 INFO     #entity: 68907
2020-08-28 00:58:07,073 INFO     #relation: 13
2020-08-28 00:58:07,205 INFO     #train: 142188
2020-08-28 00:58:07,211 INFO     #valid: 5437
2020-08-28 00:58:07,211 INFO     #test: 612
is cuda available?  True
GeForce RTX 2080
Temperature -  1.0

Model - QuatE; opt - ada; batch size - 256; dataset - data/SD2020; lr - 0.1, gamma = 4.0; 
Loss fnc - rotate; inv - False; impl - False; sym - False; eq - False
torch version: 1.2.0
2020-08-28 00:58:07,449 INFO     Model: QuatE
2020-08-28 00:58:07,450 INFO     Data Path: data/SD2020
2020-08-28 00:58:07,450 INFO     #entity: 68907
2020-08-28 00:58:07,450 INFO     #relation: 13
2020-08-28 00:58:07,450 INFO     optimizer: ada
2020-08-28 00:58:07,450 INFO     learning rate: 0.100000
2020-08-28 00:58:07,450 INFO     loss: rotate
2020-08-28 00:58:07,450 INFO     Model Parameter Configuration:
2020-08-28 00:58:07,450 INFO     Parameter gamma: torch.Size([1]), require_grad = False
2020-08-28 00:58:07,450 INFO     Parameter embedding_range: torch.Size([1]), require_grad = False
2020-08-28 00:58:07,450 INFO     Parameter entity_embedding: torch.Size([68907, 200]), require_grad = True
2020-08-28 00:58:07,450 INFO     Parameter relation_embedding: torch.Size([13, 200]), require_grad = True
2020-08-28 00:58:07,450 INFO     Loss function rotate
2020-08-28 00:58:09,792 INFO     Randomly Initializing QuatE Model...
2020-08-28 00:58:09,792 INFO     Max steps - 50000
2020-08-28 00:58:09,792 INFO     Negative sample 10 
2020-08-28 00:58:11,289 INFO     Training average positive_sample_loss at step 0: 0.693148
2020-08-28 00:58:11,289 INFO     Training average negative_sample_loss at step 0: 0.693147
2020-08-28 00:58:11,289 INFO     Training average loss at step 0: 0.693228
2020-08-28 00:58:51,349 INFO     Training average positive_sample_loss at step 2000: 0.534114
2020-08-28 00:58:51,349 INFO     Training average negative_sample_loss at step 2000: 0.700125
2020-08-28 00:58:51,349 INFO     Training average loss at step 2000: 0.723079
2020-08-28 00:59:32,322 INFO     Training average positive_sample_loss at step 4000: 0.484897
2020-08-28 00:59:32,322 INFO     Training average negative_sample_loss at step 4000: 0.713416
2020-08-28 00:59:32,322 INFO     Training average loss at step 4000: 0.682098
2020-08-28 01:00:13,804 INFO     Training average positive_sample_loss at step 6000: 0.470772
2020-08-28 01:00:13,804 INFO     Training average negative_sample_loss at step 6000: 0.713488
2020-08-28 01:00:13,804 INFO     Training average loss at step 6000: 0.674716
2020-08-28 01:00:54,393 INFO     Training average positive_sample_loss at step 8000: 0.461712
2020-08-28 01:00:54,393 INFO     Training average negative_sample_loss at step 8000: 0.712873
2020-08-28 01:00:54,393 INFO     Training average loss at step 8000: 0.670803
2020-08-28 01:01:34,635 INFO     Training average positive_sample_loss at step 10000: 0.455899
2020-08-28 01:01:34,635 INFO     Training average negative_sample_loss at step 10000: 0.712587
2020-08-28 01:01:34,635 INFO     Training average loss at step 10000: 0.668786
2020-08-28 01:02:16,060 INFO     Training average positive_sample_loss at step 12000: 0.447409
2020-08-28 01:02:16,061 INFO     Training average negative_sample_loss at step 12000: 0.712323
2020-08-28 01:02:16,061 INFO     Training average loss at step 12000: 0.665133
2020-08-28 01:02:57,219 INFO     Training average positive_sample_loss at step 14000: 0.444162
2020-08-28 01:02:57,219 INFO     Training average negative_sample_loss at step 14000: 0.711995
2020-08-28 01:02:57,219 INFO     Training average loss at step 14000: 0.663744
2020-08-28 01:03:38,278 INFO     Training average positive_sample_loss at step 16000: 0.441046
2020-08-28 01:03:38,279 INFO     Training average negative_sample_loss at step 16000: 0.711731
2020-08-28 01:03:38,279 INFO     Training average loss at step 16000: 0.662358
2020-08-28 01:04:19,184 INFO     Training average positive_sample_loss at step 18000: 0.439259
2020-08-28 01:04:19,184 INFO     Training average negative_sample_loss at step 18000: 0.711471
2020-08-28 01:04:19,184 INFO     Training average loss at step 18000: 0.661727
2020-08-28 01:04:59,392 INFO     Training average positive_sample_loss at step 20000: 0.437666
2020-08-28 01:04:59,392 INFO     Training average negative_sample_loss at step 20000: 0.711219
2020-08-28 01:04:59,393 INFO     Training average loss at step 20000: 0.661189
2020-08-28 01:04:59,399 INFO     Evaluating on Valid Dataset...
2020-08-28 01:05:00,054 INFO     Evaluating the model... (0/1360)
2020-08-28 01:05:25,638 INFO     Evaluating the model... (1000/1360)
2020-08-28 01:05:34,458 INFO     Valid MRR at step 20000: 0.424212
2020-08-28 01:05:34,460 INFO     Valid MR at step 20000: 1526.749862
2020-08-28 01:05:34,462 INFO     Valid HITS@1 at step 20000: 0.335663
2020-08-28 01:05:34,463 INFO     Valid HITS@3 at step 20000: 0.474710
2020-08-28 01:05:34,465 INFO     Valid HITS@10 at step 20000: 0.581755
Validation (20000): MRR - 0.42421205187496963;MR - 1526.749862056281;HITS@1 - 0.3356630494758139;HITS@3 - 0.4747103181901784;HITS@10 - 0.581754644105205;
2020-08-28 01:06:15,197 INFO     Training average positive_sample_loss at step 22000: 0.432752
2020-08-28 01:06:15,197 INFO     Training average negative_sample_loss at step 22000: 0.711276
2020-08-28 01:06:15,197 INFO     Training average loss at step 22000: 0.659110
2020-08-28 01:06:56,049 INFO     Training average positive_sample_loss at step 24000: 0.431770
2020-08-28 01:06:56,050 INFO     Training average negative_sample_loss at step 24000: 0.711047
2020-08-28 01:06:56,050 INFO     Training average loss at step 24000: 0.658631
2020-08-28 01:07:16,355 INFO     Change learning_rate to 0.010000 at step 25000
2020-08-28 01:07:37,174 INFO     Training average positive_sample_loss at step 26000: 0.510260
2020-08-28 01:07:37,175 INFO     Training average negative_sample_loss at step 26000: 0.704946
2020-08-28 01:07:37,175 INFO     Training average loss at step 26000: 0.665744
2020-08-28 01:08:17,833 INFO     Training average positive_sample_loss at step 28000: 0.540911
2020-08-28 01:08:17,833 INFO     Training average negative_sample_loss at step 28000: 0.704804
2020-08-28 01:08:17,833 INFO     Training average loss at step 28000: 0.660988
2020-08-28 01:08:58,049 INFO     Training average positive_sample_loss at step 30000: 0.506136
2020-08-28 01:08:58,049 INFO     Training average negative_sample_loss at step 30000: 0.708631
2020-08-28 01:08:58,049 INFO     Training average loss at step 30000: 0.655437
2020-08-28 01:09:39,090 INFO     Training average positive_sample_loss at step 32000: 0.484863
2020-08-28 01:09:39,091 INFO     Training average negative_sample_loss at step 32000: 0.710786
2020-08-28 01:09:39,091 INFO     Training average loss at step 32000: 0.652569
2020-08-28 01:10:20,101 INFO     Training average positive_sample_loss at step 34000: 0.471823
2020-08-28 01:10:20,101 INFO     Training average negative_sample_loss at step 34000: 0.712156
2020-08-28 01:10:20,101 INFO     Training average loss at step 34000: 0.651477
2020-08-28 01:11:00,794 INFO     Training average positive_sample_loss at step 36000: 0.461903
2020-08-28 01:11:00,795 INFO     Training average negative_sample_loss at step 36000: 0.712701
2020-08-28 01:11:00,795 INFO     Training average loss at step 36000: 0.650398
2020-08-28 01:11:42,060 INFO     Training average positive_sample_loss at step 38000: 0.455129
2020-08-28 01:11:42,061 INFO     Training average negative_sample_loss at step 38000: 0.713190
2020-08-28 01:11:42,061 INFO     Training average loss at step 38000: 0.650076
2020-08-28 01:12:21,868 INFO     Training average positive_sample_loss at step 40000: 0.449133
2020-08-28 01:12:21,868 INFO     Training average negative_sample_loss at step 40000: 0.713544
2020-08-28 01:12:21,868 INFO     Training average loss at step 40000: 0.649519
2020-08-28 01:12:21,876 INFO     Evaluating on Valid Dataset...
2020-08-28 01:12:22,494 INFO     Evaluating the model... (0/1360)
2020-08-28 01:12:48,723 INFO     Evaluating the model... (1000/1360)
2020-08-28 01:12:58,789 INFO     Valid MRR at step 40000: 0.428500
2020-08-28 01:12:58,791 INFO     Valid MR at step 40000: 1303.322237
2020-08-28 01:12:58,792 INFO     Valid HITS@1 at step 40000: 0.344124
2020-08-28 01:12:58,793 INFO     Valid HITS@3 at step 40000: 0.478021
2020-08-28 01:12:58,793 INFO     Valid HITS@10 at step 40000: 0.578996
Validation (40000): MRR - 0.42850002965393114;MR - 1303.3222365274967;HITS@1 - 0.3441235975721905;HITS@3 - 0.47802096744528233;HITS@10 - 0.5789957697259518;
2020-08-28 01:13:38,791 INFO     Training average positive_sample_loss at step 42000: 0.443998
2020-08-28 01:13:38,792 INFO     Training average negative_sample_loss at step 42000: 0.713760
2020-08-28 01:13:38,792 INFO     Training average loss at step 42000: 0.648901
2020-08-28 01:14:19,438 INFO     Training average positive_sample_loss at step 44000: 0.440386
2020-08-28 01:14:19,439 INFO     Training average negative_sample_loss at step 44000: 0.713883
2020-08-28 01:14:19,439 INFO     Training average loss at step 44000: 0.648713
2020-08-28 01:15:00,205 INFO     Training average positive_sample_loss at step 46000: 0.437201
2020-08-28 01:15:00,206 INFO     Training average negative_sample_loss at step 46000: 0.713772
2020-08-28 01:15:00,206 INFO     Training average loss at step 46000: 0.648387
2020-08-28 01:15:41,056 INFO     Training average positive_sample_loss at step 48000: 0.434740
2020-08-28 01:15:41,057 INFO     Training average negative_sample_loss at step 48000: 0.713791
2020-08-28 01:15:41,057 INFO     Training average loss at step 48000: 0.648320
2020-08-28 01:16:21,628 INFO     Evaluating on Valid Dataset...
2020-08-28 01:16:22,394 INFO     Evaluating the model... (0/1360)
2020-08-28 01:16:48,415 INFO     Evaluating the model... (1000/1360)
2020-08-28 01:16:58,140 INFO     Valid MRR at step 49999: 0.427604
2020-08-28 01:16:58,141 INFO     Valid MR at step 49999: 1335.919809
2020-08-28 01:16:58,141 INFO     Valid HITS@1 at step 49999: 0.341365
2020-08-28 01:16:58,141 INFO     Valid HITS@3 at step 49999: 0.476550
2020-08-28 01:16:58,141 INFO     Valid HITS@10 at step 49999: 0.580283
2020-08-28 01:16:58,881 INFO     Evaluating the model... (0/153)
2020-08-28 01:17:02,909 INFO     Test MRR at step 49999: 0.959969
2020-08-28 01:17:02,909 INFO     Test MR at step 49999: 1.117647
2020-08-28 01:17:02,909 INFO     Test HITS@1 at step 49999: 0.929739
2020-08-28 01:17:02,909 INFO     Test HITS@3 at step 49999: 0.986928
2020-08-28 01:17:02,909 INFO     Test HITS@10 at step 49999: 1.000000
#steps = 49999, #negs = 10, dim = 50;
MRR: 0.9599692654839715;MR: 1.1176470588235294;HITS@1: 0.9297385620915033;HITS@3: 0.9869281045751634;HITS@10: 1.0
2020-08-28 01:17:02,910 INFO     
-----------------------------------------------

2020-08-28 01:17:04,808 INFO     NO INJECTION
2020-08-28 01:17:04,808 INFO     Model: QuatE
2020-08-28 01:17:04,808 INFO     Data Path: data/SD2020
2020-08-28 01:17:04,808 INFO     #entity: 68907
2020-08-28 01:17:04,808 INFO     #relation: 13
2020-08-28 01:17:04,938 INFO     #train: 142188
2020-08-28 01:17:04,944 INFO     #valid: 5437
2020-08-28 01:17:04,944 INFO     #test: 612
is cuda available?  True
GeForce RTX 2080
Temperature -  1.0

Model - QuatE; opt - ada; batch size - 256; dataset - data/SD2020; lr - 0.05, gamma = 2.0; 
Loss fnc - rotate; inv - False; impl - False; sym - False; eq - False
torch version: 1.2.0
2020-08-28 01:17:06,892 INFO     Model: QuatE
2020-08-28 01:17:06,892 INFO     Data Path: data/SD2020
2020-08-28 01:17:06,892 INFO     #entity: 68907
2020-08-28 01:17:06,892 INFO     #relation: 13
2020-08-28 01:17:06,892 INFO     optimizer: ada
2020-08-28 01:17:06,892 INFO     learning rate: 0.050000
2020-08-28 01:17:06,892 INFO     loss: rotate
2020-08-28 01:17:06,892 INFO     Model Parameter Configuration:
2020-08-28 01:17:06,893 INFO     Parameter gamma: torch.Size([1]), require_grad = False
2020-08-28 01:17:06,893 INFO     Parameter embedding_range: torch.Size([1]), require_grad = False
2020-08-28 01:17:06,893 INFO     Parameter entity_embedding: torch.Size([68907, 2000]), require_grad = True
2020-08-28 01:17:06,893 INFO     Parameter relation_embedding: torch.Size([13, 2000]), require_grad = True
2020-08-28 01:17:06,893 INFO     Loss function rotate
2020-08-28 01:17:09,371 INFO     Randomly Initializing QuatE Model...
2020-08-28 01:17:09,372 INFO     Max steps - 50000
2020-08-28 01:17:09,372 INFO     Negative sample 10 
2020-08-28 01:17:10,950 INFO     Training average positive_sample_loss at step 0: 0.693147
2020-08-28 01:17:10,951 INFO     Training average negative_sample_loss at step 0: 0.693148
2020-08-28 01:17:10,951 INFO     Training average loss at step 0: 0.693974
2020-08-28 01:19:24,412 INFO     Training average positive_sample_loss at step 2000: 0.522313
2020-08-28 01:19:24,412 INFO     Training average negative_sample_loss at step 2000: 0.694321
2020-08-28 01:19:24,413 INFO     Training average loss at step 2000: 0.775464
2020-08-28 01:21:36,716 INFO     Training average positive_sample_loss at step 4000: 0.486457
2020-08-28 01:21:36,716 INFO     Training average negative_sample_loss at step 4000: 0.708781
2020-08-28 01:21:36,716 INFO     Training average loss at step 4000: 0.694392
2020-08-28 01:23:50,296 INFO     Training average positive_sample_loss at step 6000: 0.474116
2020-08-28 01:23:50,297 INFO     Training average negative_sample_loss at step 6000: 0.710459
2020-08-28 01:23:50,297 INFO     Training average loss at step 6000: 0.683998
2020-08-28 01:26:05,041 INFO     Training average positive_sample_loss at step 8000: 0.467327
2020-08-28 01:26:05,041 INFO     Training average negative_sample_loss at step 8000: 0.711012
2020-08-28 01:26:05,041 INFO     Training average loss at step 8000: 0.678903
2020-08-28 01:28:21,247 INFO     Training average positive_sample_loss at step 10000: 0.461920
2020-08-28 01:28:21,247 INFO     Training average negative_sample_loss at step 10000: 0.711040
2020-08-28 01:28:21,248 INFO     Training average loss at step 10000: 0.675564
2020-08-28 01:30:34,150 INFO     Training average positive_sample_loss at step 12000: 0.453584
2020-08-28 01:30:34,150 INFO     Training average negative_sample_loss at step 12000: 0.711129
2020-08-28 01:30:34,150 INFO     Training average loss at step 12000: 0.671164
2020-08-28 01:32:47,688 INFO     Training average positive_sample_loss at step 14000: 0.450450
2020-08-28 01:32:47,688 INFO     Training average negative_sample_loss at step 14000: 0.711135
2020-08-28 01:32:47,688 INFO     Training average loss at step 14000: 0.668983
2020-08-28 01:35:01,332 INFO     Training average positive_sample_loss at step 16000: 0.447397
2020-08-28 01:35:01,332 INFO     Training average negative_sample_loss at step 16000: 0.711068
2020-08-28 01:35:01,332 INFO     Training average loss at step 16000: 0.667141
2020-08-28 01:37:16,006 INFO     Training average positive_sample_loss at step 18000: 0.445196
2020-08-28 01:37:16,007 INFO     Training average negative_sample_loss at step 18000: 0.711029
2020-08-28 01:37:16,007 INFO     Training average loss at step 18000: 0.665873
2020-08-28 01:39:32,246 INFO     Training average positive_sample_loss at step 20000: 0.443522
2020-08-28 01:39:32,246 INFO     Training average negative_sample_loss at step 20000: 0.710858
2020-08-28 01:39:32,246 INFO     Training average loss at step 20000: 0.665068
2020-08-28 01:39:32,252 INFO     Evaluating on Valid Dataset...
2020-08-28 01:39:32,990 INFO     Evaluating the model... (0/1360)
2020-08-28 01:40:16,962 INFO     Evaluating the model... (1000/1360)
2020-08-28 01:40:32,943 INFO     Valid MRR at step 20000: 0.425638
2020-08-28 01:40:32,945 INFO     Valid MR at step 20000: 1413.872540
2020-08-28 01:40:32,947 INFO     Valid HITS@1 at step 20000: 0.340997
2020-08-28 01:40:32,949 INFO     Valid HITS@3 at step 20000: 0.473055
2020-08-28 01:40:32,950 INFO     Valid HITS@10 at step 20000: 0.576789
Validation (20000): MRR - 0.42563824979264325;MR - 1413.8725400036785;HITS@1 - 0.3409968732757035;HITS@3 - 0.4730549935626264;HITS@10 - 0.5767886702225492;
2020-08-28 01:42:44,823 INFO     Training average positive_sample_loss at step 22000: 0.438177
2020-08-28 01:42:44,824 INFO     Training average negative_sample_loss at step 22000: 0.710892
2020-08-28 01:42:44,824 INFO     Training average loss at step 22000: 0.662553
2020-08-28 01:44:57,113 INFO     Training average positive_sample_loss at step 24000: 0.436433
2020-08-28 01:44:57,114 INFO     Training average negative_sample_loss at step 24000: 0.710864
2020-08-28 01:44:57,114 INFO     Training average loss at step 24000: 0.661559
2020-08-28 01:46:03,656 INFO     Change learning_rate to 0.005000 at step 25000
2020-08-28 01:47:11,503 INFO     Training average positive_sample_loss at step 26000: 0.511287
2020-08-28 01:47:11,503 INFO     Training average negative_sample_loss at step 26000: 0.704379
2020-08-28 01:47:11,503 INFO     Training average loss at step 26000: 0.667848
2020-08-28 01:49:24,543 INFO     Training average positive_sample_loss at step 28000: 0.530664
2020-08-28 01:49:24,543 INFO     Training average negative_sample_loss at step 28000: 0.707117
2020-08-28 01:49:24,543 INFO     Training average loss at step 28000: 0.662370
2020-08-28 01:51:40,309 INFO     Training average positive_sample_loss at step 30000: 0.493322
2020-08-28 01:51:40,309 INFO     Training average negative_sample_loss at step 30000: 0.711582
2020-08-28 01:51:40,309 INFO     Training average loss at step 30000: 0.656904
2020-08-28 01:53:53,437 INFO     Training average positive_sample_loss at step 32000: 0.472223
2020-08-28 01:53:53,437 INFO     Training average negative_sample_loss at step 32000: 0.713429
2020-08-28 01:53:53,437 INFO     Training average loss at step 32000: 0.653890
2020-08-28 01:56:06,303 INFO     Training average positive_sample_loss at step 34000: 0.460221
2020-08-28 01:56:06,303 INFO     Training average negative_sample_loss at step 34000: 0.714207
2020-08-28 01:56:06,303 INFO     Training average loss at step 34000: 0.652692
2020-08-28 01:58:19,680 INFO     Training average positive_sample_loss at step 36000: 0.451656
2020-08-28 01:58:19,680 INFO     Training average negative_sample_loss at step 36000: 0.714332
2020-08-28 01:58:19,681 INFO     Training average loss at step 36000: 0.651706
2020-08-28 02:00:32,302 INFO     Training average positive_sample_loss at step 38000: 0.445538
2020-08-28 02:00:32,302 INFO     Training average negative_sample_loss at step 38000: 0.714359
2020-08-28 02:00:32,302 INFO     Training average loss at step 38000: 0.651143
2020-08-28 02:02:47,794 INFO     Training average positive_sample_loss at step 40000: 0.440569
2020-08-28 02:02:47,795 INFO     Training average negative_sample_loss at step 40000: 0.714228
2020-08-28 02:02:47,795 INFO     Training average loss at step 40000: 0.650553
2020-08-28 02:02:47,802 INFO     Evaluating on Valid Dataset...
2020-08-28 02:02:48,452 INFO     Evaluating the model... (0/1360)
2020-08-28 02:03:32,756 INFO     Evaluating the model... (1000/1360)
2020-08-28 02:03:48,825 INFO     Valid MRR at step 40000: 0.426725
2020-08-28 02:03:48,827 INFO     Valid MR at step 40000: 1215.214273
2020-08-28 02:03:48,828 INFO     Valid HITS@1 at step 40000: 0.342468
2020-08-28 02:03:48,829 INFO     Valid HITS@3 at step 40000: 0.475078
2020-08-28 02:03:48,829 INFO     Valid HITS@10 at step 40000: 0.576421
Validation (40000): MRR - 0.42672495976354174;MR - 1215.2142725767887;HITS@1 - 0.3424682729446386;HITS@3 - 0.47507816810741216;HITS@10 - 0.5764208203053154;
2020-08-28 02:06:02,798 INFO     Training average positive_sample_loss at step 42000: 0.435880
2020-08-28 02:06:02,799 INFO     Training average negative_sample_loss at step 42000: 0.714122
2020-08-28 02:06:02,799 INFO     Training average loss at step 42000: 0.649733
2020-08-28 02:08:16,850 INFO     Training average positive_sample_loss at step 44000: 0.432625
2020-08-28 02:08:16,851 INFO     Training average negative_sample_loss at step 44000: 0.714056
2020-08-28 02:08:16,851 INFO     Training average loss at step 44000: 0.649395
2020-08-28 02:10:28,971 INFO     Training average positive_sample_loss at step 46000: 0.430365
2020-08-28 02:10:28,971 INFO     Training average negative_sample_loss at step 46000: 0.713801
2020-08-28 02:10:28,971 INFO     Training average loss at step 46000: 0.649242
2020-08-28 02:12:41,524 INFO     Training average positive_sample_loss at step 48000: 0.428060
2020-08-28 02:12:41,524 INFO     Training average negative_sample_loss at step 48000: 0.713567
2020-08-28 02:12:41,524 INFO     Training average loss at step 48000: 0.648952
2020-08-28 02:14:57,841 INFO     Evaluating on Valid Dataset...
2020-08-28 02:14:58,595 INFO     Evaluating the model... (0/1360)
2020-08-28 02:15:42,486 INFO     Evaluating the model... (1000/1360)
2020-08-28 02:15:58,283 INFO     Valid MRR at step 49999: 0.425219
2020-08-28 02:15:58,283 INFO     Valid MR at step 49999: 1201.145485
2020-08-28 02:15:58,284 INFO     Valid HITS@1 at step 49999: 0.340813
2020-08-28 02:15:58,284 INFO     Valid HITS@3 at step 49999: 0.470664
2020-08-28 02:15:58,284 INFO     Valid HITS@10 at step 49999: 0.578260
2020-08-28 02:15:58,982 INFO     Evaluating the model... (0/153)
2020-08-28 02:16:05,857 INFO     Test MRR at step 49999: 0.962080
2020-08-28 02:16:05,858 INFO     Test MR at step 49999: 1.104575
2020-08-28 02:16:05,858 INFO     Test HITS@1 at step 49999: 0.933007
2020-08-28 02:16:05,858 INFO     Test HITS@3 at step 49999: 0.990196
2020-08-28 02:16:05,858 INFO     Test HITS@10 at step 49999: 1.000000
#steps = 49999, #negs = 10, dim = 500;
MRR: 0.9620798319327732;MR: 1.1045751633986929;HITS@1: 0.9330065359477124;HITS@3: 0.9901960784313726;HITS@10: 1.0
2020-08-28 02:16:05,858 INFO     
-----------------------------------------------

2020-08-28 02:16:07,803 INFO     NO INJECTION
2020-08-28 02:16:07,804 INFO     Model: QuatE
2020-08-28 02:16:07,804 INFO     Data Path: data/SD2020
2020-08-28 02:16:07,804 INFO     #entity: 68907
2020-08-28 02:16:07,804 INFO     #relation: 13
2020-08-28 02:16:07,936 INFO     #train: 142188
2020-08-28 02:16:07,941 INFO     #valid: 5437
2020-08-28 02:16:07,941 INFO     #test: 612
is cuda available?  True
GeForce RTX 2080
Temperature -  1.0

Model - QuatE; opt - ada; batch size - 256; dataset - data/SD2020; lr - 0.05, gamma = 4.0; 
Loss fnc - rotate; inv - False; impl - False; sym - False; eq - False
torch version: 1.2.0
2020-08-28 02:16:09,924 INFO     Model: QuatE
2020-08-28 02:16:09,924 INFO     Data Path: data/SD2020
2020-08-28 02:16:09,924 INFO     #entity: 68907
2020-08-28 02:16:09,924 INFO     #relation: 13
2020-08-28 02:16:09,924 INFO     optimizer: ada
2020-08-28 02:16:09,924 INFO     learning rate: 0.050000
2020-08-28 02:16:09,924 INFO     loss: rotate
2020-08-28 02:16:09,924 INFO     Model Parameter Configuration:
2020-08-28 02:16:09,925 INFO     Parameter gamma: torch.Size([1]), require_grad = False
2020-08-28 02:16:09,925 INFO     Parameter embedding_range: torch.Size([1]), require_grad = False
2020-08-28 02:16:09,925 INFO     Parameter entity_embedding: torch.Size([68907, 2000]), require_grad = True
2020-08-28 02:16:09,925 INFO     Parameter relation_embedding: torch.Size([13, 2000]), require_grad = True
2020-08-28 02:16:09,925 INFO     Loss function rotate
2020-08-28 02:16:12,429 INFO     Randomly Initializing QuatE Model...
2020-08-28 02:16:12,430 INFO     Max steps - 50000
2020-08-28 02:16:12,430 INFO     Negative sample 10 
2020-08-28 02:16:14,026 INFO     Training average positive_sample_loss at step 0: 0.693147
2020-08-28 02:16:14,026 INFO     Training average negative_sample_loss at step 0: 0.693147
2020-08-28 02:16:14,026 INFO     Training average loss at step 0: 0.693973
2020-08-28 02:18:26,792 INFO     Training average positive_sample_loss at step 2000: 0.521997
2020-08-28 02:18:26,792 INFO     Training average negative_sample_loss at step 2000: 0.693893
2020-08-28 02:18:26,792 INFO     Training average loss at step 2000: 0.775375
2020-08-28 02:20:40,130 INFO     Training average positive_sample_loss at step 4000: 0.486139
2020-08-28 02:20:40,131 INFO     Training average negative_sample_loss at step 4000: 0.708856
2020-08-28 02:20:40,131 INFO     Training average loss at step 4000: 0.694280
2020-08-28 02:22:54,167 INFO     Training average positive_sample_loss at step 6000: 0.474002
2020-08-28 02:22:54,167 INFO     Training average negative_sample_loss at step 6000: 0.710343
2020-08-28 02:22:54,167 INFO     Training average loss at step 6000: 0.683843
2020-08-28 02:25:08,562 INFO     Training average positive_sample_loss at step 8000: 0.467135
2020-08-28 02:25:08,562 INFO     Training average negative_sample_loss at step 8000: 0.710814
2020-08-28 02:25:08,563 INFO     Training average loss at step 8000: 0.678748
2020-08-28 02:27:25,787 INFO     Training average positive_sample_loss at step 10000: 0.461784
2020-08-28 02:27:25,788 INFO     Training average negative_sample_loss at step 10000: 0.710980
2020-08-28 02:27:25,788 INFO     Training average loss at step 10000: 0.675468
2020-08-28 02:29:40,249 INFO     Training average positive_sample_loss at step 12000: 0.453420
2020-08-28 02:29:40,249 INFO     Training average negative_sample_loss at step 12000: 0.710972
2020-08-28 02:29:40,250 INFO     Training average loss at step 12000: 0.671011
2020-08-28 02:31:53,906 INFO     Training average positive_sample_loss at step 14000: 0.450352
2020-08-28 02:31:53,906 INFO     Training average negative_sample_loss at step 14000: 0.710966
2020-08-28 02:31:53,906 INFO     Training average loss at step 14000: 0.668861
2020-08-28 02:34:08,544 INFO     Training average positive_sample_loss at step 16000: 0.447303
2020-08-28 02:34:08,545 INFO     Training average negative_sample_loss at step 16000: 0.710982
2020-08-28 02:34:08,545 INFO     Training average loss at step 16000: 0.667062
2020-08-28 02:36:23,190 INFO     Training average positive_sample_loss at step 18000: 0.444906
2020-08-28 02:36:23,191 INFO     Training average negative_sample_loss at step 18000: 0.710781
2020-08-28 02:36:23,191 INFO     Training average loss at step 18000: 0.665731
2020-08-28 02:38:41,116 INFO     Training average positive_sample_loss at step 20000: 0.443322
2020-08-28 02:38:41,116 INFO     Training average negative_sample_loss at step 20000: 0.710766
2020-08-28 02:38:41,116 INFO     Training average loss at step 20000: 0.664968
2020-08-28 02:38:41,123 INFO     Evaluating on Valid Dataset...
2020-08-28 02:38:41,850 INFO     Evaluating the model... (0/1360)
2020-08-28 02:39:26,106 INFO     Evaluating the model... (1000/1360)
2020-08-28 02:39:42,209 INFO     Valid MRR at step 20000: 0.425411
2020-08-28 02:39:42,211 INFO     Valid MR at step 20000: 1415.607872
2020-08-28 02:39:42,213 INFO     Valid HITS@1 at step 20000: 0.342100
2020-08-28 02:39:42,215 INFO     Valid HITS@3 at step 20000: 0.467905
2020-08-28 02:39:42,217 INFO     Valid HITS@10 at step 20000: 0.576053
Validation (20000): MRR - 0.42541148399919326;MR - 1415.607871988229;HITS@1 - 0.34210042302740484;HITS@3 - 0.46790509472135366;HITS@10 - 0.5760529703880817;
2020-08-28 02:41:55,893 INFO     Training average positive_sample_loss at step 22000: 0.438026
2020-08-28 02:41:55,894 INFO     Training average negative_sample_loss at step 22000: 0.710706
2020-08-28 02:41:55,894 INFO     Training average loss at step 22000: 0.662423
2020-08-28 02:44:10,207 INFO     Training average positive_sample_loss at step 24000: 0.436293
2020-08-28 02:44:10,207 INFO     Training average negative_sample_loss at step 24000: 0.710747
2020-08-28 02:44:10,207 INFO     Training average loss at step 24000: 0.661487
2020-08-28 02:45:17,188 INFO     Change learning_rate to 0.005000 at step 25000
2020-08-28 02:46:24,923 INFO     Training average positive_sample_loss at step 26000: 0.511418
2020-08-28 02:46:24,923 INFO     Training average negative_sample_loss at step 26000: 0.704230
2020-08-28 02:46:24,923 INFO     Training average loss at step 26000: 0.667842
2020-08-28 02:48:38,568 INFO     Training average positive_sample_loss at step 28000: 0.529978
2020-08-28 02:48:38,568 INFO     Training average negative_sample_loss at step 28000: 0.706998
2020-08-28 02:48:38,568 INFO     Training average loss at step 28000: 0.662190
2020-08-28 02:50:54,739 INFO     Training average positive_sample_loss at step 30000: 0.492423
2020-08-28 02:50:54,739 INFO     Training average negative_sample_loss at step 30000: 0.711440
2020-08-28 02:50:54,739 INFO     Training average loss at step 30000: 0.656692
2020-08-28 02:53:08,095 INFO     Training average positive_sample_loss at step 32000: 0.471409
2020-08-28 02:53:08,095 INFO     Training average negative_sample_loss at step 32000: 0.713383
2020-08-28 02:53:08,095 INFO     Training average loss at step 32000: 0.653733
2020-08-28 02:55:23,164 INFO     Training average positive_sample_loss at step 34000: 0.459607
2020-08-28 02:55:23,164 INFO     Training average negative_sample_loss at step 34000: 0.714130
2020-08-28 02:55:23,164 INFO     Training average loss at step 34000: 0.652543
2020-08-28 02:57:37,157 INFO     Training average positive_sample_loss at step 36000: 0.451233
2020-08-28 02:57:37,158 INFO     Training average negative_sample_loss at step 36000: 0.714462
2020-08-28 02:57:37,158 INFO     Training average loss at step 36000: 0.651685
2020-08-28 02:59:51,822 INFO     Training average positive_sample_loss at step 38000: 0.445303
2020-08-28 02:59:51,822 INFO     Training average negative_sample_loss at step 38000: 0.714349
2020-08-28 02:59:51,823 INFO     Training average loss at step 38000: 0.651072
2020-08-28 03:02:08,924 INFO     Training average positive_sample_loss at step 40000: 0.440376
2020-08-28 03:02:08,924 INFO     Training average negative_sample_loss at step 40000: 0.714198
2020-08-28 03:02:08,924 INFO     Training average loss at step 40000: 0.650478
2020-08-28 03:02:08,932 INFO     Evaluating on Valid Dataset...
2020-08-28 03:02:09,582 INFO     Evaluating the model... (0/1360)
2020-08-28 03:02:53,714 INFO     Evaluating the model... (1000/1360)
2020-08-28 03:03:09,720 INFO     Valid MRR at step 40000: 0.427268
2020-08-28 03:03:09,723 INFO     Valid MR at step 40000: 1217.808534
2020-08-28 03:03:09,724 INFO     Valid HITS@1 at step 40000: 0.343572
2020-08-28 03:03:09,725 INFO     Valid HITS@3 at step 40000: 0.474526
2020-08-28 03:03:09,725 INFO     Valid HITS@10 at step 40000: 0.576053
Validation (40000): MRR - 0.4272682836587747;MR - 1217.80853411808;HITS@1 - 0.3435718226963399;HITS@3 - 0.47452639323156154;HITS@10 - 0.5760529703880817;
2020-08-28 03:05:23,552 INFO     Training average positive_sample_loss at step 42000: 0.435743
2020-08-28 03:05:23,553 INFO     Training average negative_sample_loss at step 42000: 0.714075
2020-08-28 03:05:23,553 INFO     Training average loss at step 42000: 0.649663
2020-08-28 03:07:37,873 INFO     Training average positive_sample_loss at step 44000: 0.432444
2020-08-28 03:07:37,873 INFO     Training average negative_sample_loss at step 44000: 0.713828
2020-08-28 03:07:37,873 INFO     Training average loss at step 44000: 0.649216
2020-08-28 03:09:52,007 INFO     Training average positive_sample_loss at step 46000: 0.430163
2020-08-28 03:09:52,008 INFO     Training average negative_sample_loss at step 46000: 0.713675
2020-08-28 03:09:52,008 INFO     Training average loss at step 46000: 0.649123
2020-08-28 03:12:05,747 INFO     Training average positive_sample_loss at step 48000: 0.427922
2020-08-28 03:12:05,747 INFO     Training average negative_sample_loss at step 48000: 0.713567
2020-08-28 03:12:05,747 INFO     Training average loss at step 48000: 0.648901
2020-08-28 03:14:23,349 INFO     Evaluating on Valid Dataset...
2020-08-28 03:14:24,244 INFO     Evaluating the model... (0/1360)
2020-08-28 03:15:08,484 INFO     Evaluating the model... (1000/1360)
2020-08-28 03:15:24,422 INFO     Valid MRR at step 49999: 0.424924
2020-08-28 03:15:24,422 INFO     Valid MR at step 49999: 1282.366195
2020-08-28 03:15:24,422 INFO     Valid HITS@1 at step 49999: 0.340077
2020-08-28 03:15:24,422 INFO     Valid HITS@3 at step 49999: 0.471584
2020-08-28 03:15:24,422 INFO     Valid HITS@10 at step 49999: 0.577892
2020-08-28 03:15:25,199 INFO     Evaluating the model... (0/153)
2020-08-28 03:15:32,095 INFO     Test MRR at step 49999: 0.958524
2020-08-28 03:15:32,096 INFO     Test MR at step 49999: 1.119281
2020-08-28 03:15:32,096 INFO     Test HITS@1 at step 49999: 0.928105
2020-08-28 03:15:32,096 INFO     Test HITS@3 at step 49999: 0.983660
2020-08-28 03:15:32,096 INFO     Test HITS@10 at step 49999: 1.000000
#steps = 49999, #negs = 10, dim = 500;
MRR: 0.9585239651416122;MR: 1.119281045751634;HITS@1: 0.9281045751633987;HITS@3: 0.9836601307189542;HITS@10: 1.0
2020-08-28 03:15:32,096 INFO     
-----------------------------------------------

