2020-08-23 23:45:25,606 INFO     NO INJECTION
2020-08-23 23:45:25,606 INFO     Model: TransQuatEReg
2020-08-23 23:45:25,606 INFO     Data Path: data/SD2020
2020-08-23 23:45:25,606 INFO     #entity: 68907
2020-08-23 23:45:25,606 INFO     #relation: 13
2020-08-23 23:45:25,747 INFO     #train: 142188
2020-08-23 23:45:25,753 INFO     #valid: 5437
2020-08-23 23:45:25,754 INFO     #test: 612
is cuda available?  True
GeForce RTX 2080
Temperature -  1.0

Model - TransQuatEReg; opt - ada; batch size - 256; dataset - data/SD2020; lr - 0.1, gamma = 20.0; 
Loss fnc - rotate; inv - False; impl - False; sym - False; eq - False
torch version: 1.2.0
2020-08-23 23:45:30,087 INFO     Model: TransQuatEReg
2020-08-23 23:45:30,088 INFO     Data Path: data/SD2020
2020-08-23 23:45:30,088 INFO     #entity: 68907
2020-08-23 23:45:30,088 INFO     #relation: 13
2020-08-23 23:45:30,088 INFO     optimizer: ada
2020-08-23 23:45:30,088 INFO     learning rate: 0.100000
2020-08-23 23:45:30,088 INFO     loss: rotate
2020-08-23 23:45:30,088 INFO     Model Parameter Configuration:
2020-08-23 23:45:30,088 INFO     Parameter gamma: torch.Size([1]), require_grad = False
2020-08-23 23:45:30,088 INFO     Parameter embedding_range: torch.Size([1]), require_grad = False
2020-08-23 23:45:30,088 INFO     Parameter entity_embedding: torch.Size([68907, 2000]), require_grad = True
2020-08-23 23:45:30,088 INFO     Parameter relation_embedding: torch.Size([13, 2000]), require_grad = True
2020-08-23 23:45:30,089 INFO     Parameter rotator_head: torch.Size([13, 2000]), require_grad = True
2020-08-23 23:45:30,089 INFO     Parameter mapping_regularizer: torch.Size([68907, 2000]), require_grad = True
2020-08-23 23:45:30,089 INFO     Loss function rotate
2020-08-23 23:45:32,624 INFO     Randomly Initializing TransQuatEReg Model...
2020-08-23 23:45:32,624 INFO     Max steps - 50000
2020-08-23 23:45:32,624 INFO     Negative sample 10 
Traceback (most recent call last):
  File "codes/run.py", line 708, in <module>
    main(parse_args())
  File "codes/run.py", line 703, in main
    adv_model)
  File "codes/run.py", line 511, in run_grid
    rule_iterators, args, str(idx))
  File "codes/run.py", line 323, in train_model
    log = kge_model.train_step(kge_model, adv_model, optimizer, train_iterator, args, rules=rule_batches)
  File "/data/home/sda-srv05/Gokce/Simplified/EKAW-TransQuatEReg/codes/model.py", line 1315, in train_step
    model.check_nans(model)
  File "/data/home/sda-srv05/Gokce/Simplified/EKAW-TransQuatEReg/codes/model.py", line 1145, in check_nans
    nan1 = torch.isnan(model.entity_embedding.grad).sum()
RuntimeError: CUDA out of memory. Tried to allocate 1.03 GiB (GPU 0; 7.77 GiB total capacity; 3.21 GiB already allocated; 950.50 MiB free; 399.93 MiB cached)
2020-08-23 23:45:35,876 INFO     NO INJECTION
2020-08-23 23:45:35,876 INFO     Model: TransE
2020-08-23 23:45:35,876 INFO     Data Path: data/SD2020
2020-08-23 23:45:35,876 INFO     #entity: 68907
2020-08-23 23:45:35,876 INFO     #relation: 13
2020-08-23 23:45:36,013 INFO     #train: 142188
2020-08-23 23:45:36,018 INFO     #valid: 5437
2020-08-23 23:45:36,019 INFO     #test: 612
is cuda available?  True
GeForce RTX 2080
Temperature -  1.0

Model - TransE; opt - ada; batch size - 256; dataset - data/SD2020; lr - 0.1, gamma = 20.0; 
Loss fnc - rotate; inv - False; impl - False; sym - False; eq - False
torch version: 1.2.0
2020-08-23 23:45:36,247 INFO     Model: TransE
2020-08-23 23:45:36,247 INFO     Data Path: data/SD2020
2020-08-23 23:45:36,248 INFO     #entity: 68907
2020-08-23 23:45:36,248 INFO     #relation: 13
2020-08-23 23:45:36,248 INFO     optimizer: ada
2020-08-23 23:45:36,248 INFO     learning rate: 0.100000
2020-08-23 23:45:36,248 INFO     loss: rotate
2020-08-23 23:45:36,248 INFO     Model Parameter Configuration:
2020-08-23 23:45:36,248 INFO     Parameter gamma: torch.Size([1]), require_grad = False
2020-08-23 23:45:36,248 INFO     Parameter embedding_range: torch.Size([1]), require_grad = False
2020-08-23 23:45:36,248 INFO     Parameter entity_embedding: torch.Size([68907, 500]), require_grad = True
2020-08-23 23:45:36,248 INFO     Parameter relation_embedding: torch.Size([13, 500]), require_grad = True
2020-08-23 23:45:36,248 INFO     Loss function rotate
2020-08-23 23:45:38,641 INFO     Randomly Initializing TransE Model...
2020-08-23 23:45:38,641 INFO     Max steps - 50000
2020-08-23 23:45:38,642 INFO     Negative sample 10 
2020-08-23 23:45:40,265 INFO     Training average positive_sample_loss at step 0: 0.122669
2020-08-23 23:45:40,265 INFO     Training average negative_sample_loss at step 0: 2.424597
2020-08-23 23:45:40,265 INFO     Training average loss at step 0: 1.273633
2020-08-23 23:46:17,448 INFO     Training average positive_sample_loss at step 2000: 8.384601
2020-08-23 23:46:17,449 INFO     Training average negative_sample_loss at step 2000: 0.233682
2020-08-23 23:46:17,449 INFO     Training average loss at step 2000: 4.309141
2020-08-23 23:46:55,199 INFO     Training average positive_sample_loss at step 4000: 0.273777
2020-08-23 23:46:55,200 INFO     Training average negative_sample_loss at step 4000: 0.105207
2020-08-23 23:46:55,200 INFO     Training average loss at step 4000: 0.189492
2020-08-23 23:47:33,324 INFO     Training average positive_sample_loss at step 6000: 0.048495
2020-08-23 23:47:33,324 INFO     Training average negative_sample_loss at step 6000: 0.042710
2020-08-23 23:47:33,324 INFO     Training average loss at step 6000: 0.045602
2020-08-23 23:48:11,237 INFO     Training average positive_sample_loss at step 8000: 0.034131
2020-08-23 23:48:11,237 INFO     Training average negative_sample_loss at step 8000: 0.030425
2020-08-23 23:48:11,237 INFO     Training average loss at step 8000: 0.032278
2020-08-23 23:48:48,611 INFO     Training average positive_sample_loss at step 10000: 0.029123
2020-08-23 23:48:48,611 INFO     Training average negative_sample_loss at step 10000: 0.025343
2020-08-23 23:48:48,611 INFO     Training average loss at step 10000: 0.027233
2020-08-23 23:49:26,557 INFO     Training average positive_sample_loss at step 12000: 0.025512
2020-08-23 23:49:26,557 INFO     Training average negative_sample_loss at step 12000: 0.022164
2020-08-23 23:49:26,557 INFO     Training average loss at step 12000: 0.023838
2020-08-23 23:50:04,691 INFO     Training average positive_sample_loss at step 14000: 0.024305
2020-08-23 23:50:04,691 INFO     Training average negative_sample_loss at step 14000: 0.020107
2020-08-23 23:50:04,692 INFO     Training average loss at step 14000: 0.022206
2020-08-23 23:50:42,643 INFO     Training average positive_sample_loss at step 16000: 0.022026
2020-08-23 23:50:42,643 INFO     Training average negative_sample_loss at step 16000: 0.018669
2020-08-23 23:50:42,643 INFO     Training average loss at step 16000: 0.020347
2020-08-23 23:51:20,651 INFO     Training average positive_sample_loss at step 18000: 0.021548
2020-08-23 23:51:20,651 INFO     Training average negative_sample_loss at step 18000: 0.017624
2020-08-23 23:51:20,651 INFO     Training average loss at step 18000: 0.019586
2020-08-23 23:51:58,695 INFO     Training average positive_sample_loss at step 20000: 0.019849
2020-08-23 23:51:58,695 INFO     Training average negative_sample_loss at step 20000: 0.016351
2020-08-23 23:51:58,695 INFO     Training average loss at step 20000: 0.018100
2020-08-23 23:51:58,700 INFO     Evaluating on Valid Dataset...
2020-08-23 23:51:59,263 INFO     Evaluating the model... (0/1360)
2020-08-23 23:52:24,532 INFO     Evaluating the model... (1000/1360)
2020-08-23 23:52:33,341 INFO     Valid MRR at step 20000: 0.390638
2020-08-23 23:52:33,350 INFO     Valid MR at step 20000: 3967.721170
2020-08-23 23:52:33,352 INFO     Valid HITS@1 at step 20000: 0.291337
2020-08-23 23:52:33,352 INFO     Valid HITS@3 at step 20000: 0.450248
2020-08-23 23:52:33,353 INFO     Valid HITS@10 at step 20000: 0.574030
Validation (20000): MRR - 0.39063812188834984;MR - 3967.7211697627367;HITS@1 - 0.2913371344491448;HITS@3 - 0.4502482986941328;HITS@10 - 0.5740297958432959;
2020-08-23 23:53:11,281 INFO     Training average positive_sample_loss at step 22000: 0.018637
2020-08-23 23:53:11,281 INFO     Training average negative_sample_loss at step 22000: 0.015523
2020-08-23 23:53:11,281 INFO     Training average loss at step 22000: 0.017080
2020-08-23 23:53:49,283 INFO     Training average positive_sample_loss at step 24000: 0.018186
2020-08-23 23:53:49,284 INFO     Training average negative_sample_loss at step 24000: 0.014767
2020-08-23 23:53:49,284 INFO     Training average loss at step 24000: 0.016477
2020-08-23 23:54:08,277 INFO     Change learning_rate to 0.010000 at step 25000
2020-08-23 23:54:27,529 INFO     Training average positive_sample_loss at step 26000: 0.056476
2020-08-23 23:54:27,529 INFO     Training average negative_sample_loss at step 26000: 0.019564
2020-08-23 23:54:27,529 INFO     Training average loss at step 26000: 0.038020
2020-08-23 23:55:05,271 INFO     Training average positive_sample_loss at step 28000: 0.022136
2020-08-23 23:55:05,272 INFO     Training average negative_sample_loss at step 28000: 0.017769
2020-08-23 23:55:05,272 INFO     Training average loss at step 28000: 0.019952
2020-08-23 23:55:43,270 INFO     Training average positive_sample_loss at step 30000: 0.015193
2020-08-23 23:55:43,270 INFO     Training average negative_sample_loss at step 30000: 0.014850
2020-08-23 23:55:43,270 INFO     Training average loss at step 30000: 0.015021
2020-08-23 23:56:21,222 INFO     Training average positive_sample_loss at step 32000: 0.013827
2020-08-23 23:56:21,222 INFO     Training average negative_sample_loss at step 32000: 0.013606
2020-08-23 23:56:21,222 INFO     Training average loss at step 32000: 0.013716
2020-08-23 23:56:59,088 INFO     Training average positive_sample_loss at step 34000: 0.012912
2020-08-23 23:56:59,089 INFO     Training average negative_sample_loss at step 34000: 0.012590
2020-08-23 23:56:59,089 INFO     Training average loss at step 34000: 0.012751
2020-08-23 23:57:37,291 INFO     Training average positive_sample_loss at step 36000: 0.012428
2020-08-23 23:57:37,291 INFO     Training average negative_sample_loss at step 36000: 0.012086
2020-08-23 23:57:37,291 INFO     Training average loss at step 36000: 0.012257
2020-08-23 23:58:15,413 INFO     Training average positive_sample_loss at step 38000: 0.012007
2020-08-23 23:58:15,413 INFO     Training average negative_sample_loss at step 38000: 0.011529
2020-08-23 23:58:15,413 INFO     Training average loss at step 38000: 0.011768
2020-08-23 23:58:53,451 INFO     Training average positive_sample_loss at step 40000: 0.011655
2020-08-23 23:58:53,451 INFO     Training average negative_sample_loss at step 40000: 0.011178
2020-08-23 23:58:53,452 INFO     Training average loss at step 40000: 0.011416
2020-08-23 23:58:53,456 INFO     Evaluating on Valid Dataset...
2020-08-23 23:58:54,266 INFO     Evaluating the model... (0/1360)
2020-08-23 23:59:19,215 INFO     Evaluating the model... (1000/1360)
2020-08-23 23:59:28,163 INFO     Valid MRR at step 40000: 0.395652
2020-08-23 23:59:28,172 INFO     Valid MR at step 40000: 3998.986941
2020-08-23 23:59:28,173 INFO     Valid HITS@1 at step 40000: 0.289498
2020-08-23 23:59:28,174 INFO     Valid HITS@3 at step 40000: 0.458893
2020-08-23 23:59:28,175 INFO     Valid HITS@10 at step 40000: 0.589847
Validation (40000): MRR - 0.3956523637810004;MR - 3998.986941327938;HITS@1 - 0.2894978848629759;HITS@3 - 0.45889277174912635;HITS@10 - 0.589847342284348;
2020-08-24 00:00:06,094 INFO     Training average positive_sample_loss at step 42000: 0.011316
2020-08-24 00:00:06,094 INFO     Training average negative_sample_loss at step 42000: 0.010907
2020-08-24 00:00:06,095 INFO     Training average loss at step 42000: 0.011112
2020-08-24 00:00:44,124 INFO     Training average positive_sample_loss at step 44000: 0.011070
2020-08-24 00:00:44,124 INFO     Training average negative_sample_loss at step 44000: 0.010624
2020-08-24 00:00:44,124 INFO     Training average loss at step 44000: 0.010847
2020-08-24 00:01:22,260 INFO     Training average positive_sample_loss at step 46000: 0.010875
2020-08-24 00:01:22,260 INFO     Training average negative_sample_loss at step 46000: 0.010349
2020-08-24 00:01:22,260 INFO     Training average loss at step 46000: 0.010612
2020-08-24 00:02:00,454 INFO     Training average positive_sample_loss at step 48000: 0.010644
2020-08-24 00:02:00,454 INFO     Training average negative_sample_loss at step 48000: 0.010050
2020-08-24 00:02:00,454 INFO     Training average loss at step 48000: 0.010347
2020-08-24 00:02:38,339 INFO     Evaluating on Valid Dataset...
2020-08-24 00:02:39,062 INFO     Evaluating the model... (0/1360)
2020-08-24 00:03:04,665 INFO     Evaluating the model... (1000/1360)
2020-08-24 00:03:13,868 INFO     Valid MRR at step 49999: 0.400265
2020-08-24 00:03:13,868 INFO     Valid MR at step 49999: 3981.991723
2020-08-24 00:03:13,868 INFO     Valid HITS@1 at step 49999: 0.294648
2020-08-24 00:03:13,868 INFO     Valid HITS@3 at step 49999: 0.462571
2020-08-24 00:03:13,868 INFO     Valid HITS@10 at step 49999: 0.592790
2020-08-24 00:03:14,446 INFO     Evaluating the model... (0/153)
2020-08-24 00:03:18,683 INFO     Test MRR at step 49999: 0.968328
2020-08-24 00:03:18,683 INFO     Test MR at step 49999: 1.089869
2020-08-24 00:03:18,683 INFO     Test HITS@1 at step 49999: 0.944444
2020-08-24 00:03:18,683 INFO     Test HITS@3 at step 49999: 0.990196
2020-08-24 00:03:18,683 INFO     Test HITS@10 at step 49999: 1.000000
#steps = 49999, #negs = 10, dim = 500;
MRR: 0.9683278867102396;MR: 1.0898692810457515;HITS@1: 0.9444444444444444;HITS@3: 0.9901960784313726;HITS@10: 1.0
2020-08-24 00:03:18,683 INFO     
-----------------------------------------------

2020-08-24 00:03:20,474 INFO     NO INJECTION
2020-08-24 00:03:20,474 INFO     Model: RotatE
2020-08-24 00:03:20,474 INFO     Data Path: data/SD2020
2020-08-24 00:03:20,474 INFO     #entity: 68907
2020-08-24 00:03:20,474 INFO     #relation: 13
2020-08-24 00:03:20,607 INFO     #train: 142188
2020-08-24 00:03:20,612 INFO     #valid: 5437
2020-08-24 00:03:20,613 INFO     #test: 612
is cuda available?  True
GeForce RTX 2080
Temperature -  1.0

Model - RotatE; opt - ada; batch size - 256; dataset - data/SD2020; lr - 0.1, gamma = 20.0; 
Loss fnc - rotate; inv - False; impl - False; sym - False; eq - False
torch version: 1.2.0
2020-08-24 00:03:21,095 INFO     Model: RotatE
2020-08-24 00:03:21,095 INFO     Data Path: data/SD2020
2020-08-24 00:03:21,095 INFO     #entity: 68907
2020-08-24 00:03:21,095 INFO     #relation: 13
2020-08-24 00:03:21,096 INFO     optimizer: ada
2020-08-24 00:03:21,096 INFO     learning rate: 0.100000
2020-08-24 00:03:21,096 INFO     loss: rotate
2020-08-24 00:03:21,096 INFO     Model Parameter Configuration:
2020-08-24 00:03:21,096 INFO     Parameter gamma: torch.Size([1]), require_grad = False
2020-08-24 00:03:21,096 INFO     Parameter embedding_range: torch.Size([1]), require_grad = False
2020-08-24 00:03:21,096 INFO     Parameter entity_embedding: torch.Size([68907, 1000]), require_grad = True
2020-08-24 00:03:21,096 INFO     Parameter relation_embedding: torch.Size([13, 500]), require_grad = True
2020-08-24 00:03:21,096 INFO     Loss function rotate
2020-08-24 00:03:23,605 INFO     Randomly Initializing RotatE Model...
2020-08-24 00:03:23,605 INFO     Max steps - 50000
2020-08-24 00:03:23,605 INFO     Negative sample 10 
2020-08-24 00:03:25,162 INFO     Training average positive_sample_loss at step 0: 3.006669
2020-08-24 00:03:25,162 INFO     Training average negative_sample_loss at step 0: 0.068204
2020-08-24 00:03:25,162 INFO     Training average loss at step 0: 1.537437
2020-08-24 00:04:33,448 INFO     Training average positive_sample_loss at step 2000: 15.561825
2020-08-24 00:04:33,448 INFO     Training average negative_sample_loss at step 2000: 0.174673
2020-08-24 00:04:33,448 INFO     Training average loss at step 2000: 7.868246
2020-08-24 00:05:42,207 INFO     Training average positive_sample_loss at step 4000: 1.438362
2020-08-24 00:05:42,207 INFO     Training average negative_sample_loss at step 4000: 0.209844
2020-08-24 00:05:42,207 INFO     Training average loss at step 4000: 0.824102
2020-08-24 00:06:51,404 INFO     Training average positive_sample_loss at step 6000: 0.094370
2020-08-24 00:06:51,405 INFO     Training average negative_sample_loss at step 6000: 0.058863
2020-08-24 00:06:51,405 INFO     Training average loss at step 6000: 0.076616
2020-08-24 00:08:00,470 INFO     Training average positive_sample_loss at step 8000: 0.032197
2020-08-24 00:08:00,470 INFO     Training average negative_sample_loss at step 8000: 0.030184
2020-08-24 00:08:00,470 INFO     Training average loss at step 8000: 0.031191
2020-08-24 00:09:09,822 INFO     Training average positive_sample_loss at step 10000: 0.025024
2020-08-24 00:09:09,822 INFO     Training average negative_sample_loss at step 10000: 0.023956
2020-08-24 00:09:09,822 INFO     Training average loss at step 10000: 0.024490
2020-08-24 00:10:18,871 INFO     Training average positive_sample_loss at step 12000: 0.021338
2020-08-24 00:10:18,872 INFO     Training average negative_sample_loss at step 12000: 0.020430
2020-08-24 00:10:18,872 INFO     Training average loss at step 12000: 0.020884
2020-08-24 00:11:28,062 INFO     Training average positive_sample_loss at step 14000: 0.019524
2020-08-24 00:11:28,063 INFO     Training average negative_sample_loss at step 14000: 0.018471
2020-08-24 00:11:28,063 INFO     Training average loss at step 14000: 0.018997
2020-08-24 00:12:37,154 INFO     Training average positive_sample_loss at step 16000: 0.018297
2020-08-24 00:12:37,154 INFO     Training average negative_sample_loss at step 16000: 0.017189
2020-08-24 00:12:37,154 INFO     Training average loss at step 16000: 0.017743
2020-08-24 00:13:46,235 INFO     Training average positive_sample_loss at step 18000: 0.017743
2020-08-24 00:13:46,235 INFO     Training average negative_sample_loss at step 18000: 0.016216
2020-08-24 00:13:46,235 INFO     Training average loss at step 18000: 0.016980
2020-08-24 00:14:55,684 INFO     Training average positive_sample_loss at step 20000: 0.016734
2020-08-24 00:14:55,684 INFO     Training average negative_sample_loss at step 20000: 0.015312
2020-08-24 00:14:55,684 INFO     Training average loss at step 20000: 0.016023
2020-08-24 00:14:55,690 INFO     Evaluating on Valid Dataset...
2020-08-24 00:14:56,298 INFO     Evaluating the model... (0/1360)
2020-08-24 00:15:38,641 INFO     Evaluating the model... (1000/1360)
2020-08-24 00:15:54,036 INFO     Valid MRR at step 20000: 0.434355
2020-08-24 00:15:54,038 INFO     Valid MR at step 20000: 4552.214273
2020-08-24 00:15:54,039 INFO     Valid HITS@1 at step 20000: 0.335479
2020-08-24 00:15:54,040 INFO     Valid HITS@3 at step 20000: 0.492735
2020-08-24 00:15:54,040 INFO     Valid HITS@10 at step 20000: 0.611183
Validation (20000): MRR - 0.43435521794929294;MR - 4552.214272576789;HITS@1 - 0.33547912451719697;HITS@3 - 0.4927349641346331;HITS@10 - 0.6111826374839066;
2020-08-24 00:17:02,718 INFO     Training average positive_sample_loss at step 22000: 0.015759
2020-08-24 00:17:02,718 INFO     Training average negative_sample_loss at step 22000: 0.014492
2020-08-24 00:17:02,718 INFO     Training average loss at step 22000: 0.015125
2020-08-24 00:18:11,903 INFO     Training average positive_sample_loss at step 24000: 0.015502
2020-08-24 00:18:11,904 INFO     Training average negative_sample_loss at step 24000: 0.013872
2020-08-24 00:18:11,904 INFO     Training average loss at step 24000: 0.014687
2020-08-24 00:18:46,301 INFO     Change learning_rate to 0.010000 at step 25000
2020-08-24 00:19:21,086 INFO     Training average positive_sample_loss at step 26000: 0.092845
2020-08-24 00:19:21,086 INFO     Training average negative_sample_loss at step 26000: 0.020218
2020-08-24 00:19:21,086 INFO     Training average loss at step 26000: 0.056531
2020-08-24 00:20:29,967 INFO     Training average positive_sample_loss at step 28000: 0.024751
2020-08-24 00:20:29,968 INFO     Training average negative_sample_loss at step 28000: 0.019690
2020-08-24 00:20:29,968 INFO     Training average loss at step 28000: 0.022220
2020-08-24 00:21:39,294 INFO     Training average positive_sample_loss at step 30000: 0.016134
2020-08-24 00:21:39,294 INFO     Training average negative_sample_loss at step 30000: 0.015941
2020-08-24 00:21:39,294 INFO     Training average loss at step 30000: 0.016038
2020-08-24 00:22:48,071 INFO     Training average positive_sample_loss at step 32000: 0.014367
2020-08-24 00:22:48,071 INFO     Training average negative_sample_loss at step 32000: 0.014091
2020-08-24 00:22:48,071 INFO     Training average loss at step 32000: 0.014229
2020-08-24 00:23:57,104 INFO     Training average positive_sample_loss at step 34000: 0.013438
2020-08-24 00:23:57,104 INFO     Training average negative_sample_loss at step 34000: 0.013104
2020-08-24 00:23:57,105 INFO     Training average loss at step 34000: 0.013271
2020-08-24 00:25:06,039 INFO     Training average positive_sample_loss at step 36000: 0.012827
2020-08-24 00:25:06,040 INFO     Training average negative_sample_loss at step 36000: 0.012375
2020-08-24 00:25:06,040 INFO     Training average loss at step 36000: 0.012601
2020-08-24 00:26:14,973 INFO     Training average positive_sample_loss at step 38000: 0.012370
2020-08-24 00:26:14,974 INFO     Training average negative_sample_loss at step 38000: 0.011860
2020-08-24 00:26:14,974 INFO     Training average loss at step 38000: 0.012115
2020-08-24 00:27:24,437 INFO     Training average positive_sample_loss at step 40000: 0.011922
2020-08-24 00:27:24,437 INFO     Training average negative_sample_loss at step 40000: 0.011252
2020-08-24 00:27:24,437 INFO     Training average loss at step 40000: 0.011587
2020-08-24 00:27:24,443 INFO     Evaluating on Valid Dataset...
Traceback (most recent call last):
  File "codes/run.py", line 708, in <module>
    main(parse_args())
  File "codes/run.py", line 703, in main
    adv_model)
  File "codes/run.py", line 511, in run_grid
    rule_iterators, args, str(idx))
  File "codes/run.py", line 357, in train_model
    metrics = model_module.test_step(model_module, valid_triples, all_true_triples, args)
  File "/data/home/sda-srv05/Gokce/Simplified/EKAW-TransQuatEReg/codes/model.py", line 1417, in test_step
    score = model(idx, (positive_sample, negative_sample), mode)
  File "/data/home/sda-srv05/Gokce/anaconda3/lib/python3.7/site-packages/torch/nn/modules/module.py", line 547, in __call__
    result = self.forward(*input, **kwargs)
  File "/data/home/sda-srv05/Gokce/Simplified/EKAW-TransQuatEReg/codes/model.py", line 414, in forward
    score = self.compute_score(arg_dict)
  File "/data/home/sda-srv05/Gokce/Simplified/EKAW-TransQuatEReg/codes/model.py", line 434, in compute_score
    score = model_func[self.model_name](**arg_dict)
  File "/data/home/sda-srv05/Gokce/Simplified/EKAW-TransQuatEReg/codes/model.py", line 510, in RotatE
    score = score.norm(dim=0)
  File "/data/home/sda-srv05/Gokce/anaconda3/lib/python3.7/site-packages/torch/tensor.py", line 264, in norm
    return torch.norm(self, p, dim, keepdim, dtype=dtype)
  File "/data/home/sda-srv05/Gokce/anaconda3/lib/python3.7/site-packages/torch/functional.py", line 684, in norm
    return torch._C._VariableFunctions.frobenius_norm(input, dim, keepdim=keepdim)
RuntimeError: CUDA out of memory. Tried to allocate 526.00 MiB (GPU 0; 7.77 GiB total capacity; 3.86 GiB already allocated; 402.50 MiB free; 288.06 MiB cached)
2020-08-24 00:27:26,990 INFO     NO INJECTION
2020-08-24 00:27:26,990 INFO     Model: ComplEx
2020-08-24 00:27:26,990 INFO     Data Path: data/SD2020
2020-08-24 00:27:26,990 INFO     #entity: 68907
2020-08-24 00:27:26,990 INFO     #relation: 13
2020-08-24 00:27:27,122 INFO     #train: 142188
2020-08-24 00:27:27,128 INFO     #valid: 5437
2020-08-24 00:27:27,128 INFO     #test: 612
is cuda available?  True
GeForce RTX 2080
Temperature -  1.0

Model - ComplEx; opt - ada; batch size - 256; dataset - data/SD2020; lr - 0.1, gamma = 20.0; 
Loss fnc - rotate; inv - False; impl - False; sym - False; eq - False
torch version: 1.2.0
2020-08-24 00:27:27,553 INFO     Model: ComplEx
2020-08-24 00:27:27,553 INFO     Data Path: data/SD2020
2020-08-24 00:27:27,553 INFO     #entity: 68907
2020-08-24 00:27:27,553 INFO     #relation: 13
2020-08-24 00:27:27,553 INFO     optimizer: ada
2020-08-24 00:27:27,553 INFO     learning rate: 0.100000
2020-08-24 00:27:27,554 INFO     loss: rotate
2020-08-24 00:27:27,554 INFO     Model Parameter Configuration:
2020-08-24 00:27:27,554 INFO     Parameter gamma: torch.Size([1]), require_grad = False
2020-08-24 00:27:27,554 INFO     Parameter embedding_range: torch.Size([1]), require_grad = False
2020-08-24 00:27:27,554 INFO     Parameter entity_embedding: torch.Size([68907, 1000]), require_grad = True
2020-08-24 00:27:27,554 INFO     Parameter relation_embedding: torch.Size([13, 1000]), require_grad = True
2020-08-24 00:27:27,554 INFO     Loss function rotate
2020-08-24 00:27:30,104 INFO     Randomly Initializing ComplEx Model...
2020-08-24 00:27:30,104 INFO     Max steps - 50000
2020-08-24 00:27:30,104 INFO     Negative sample 10 
2020-08-24 00:27:31,654 INFO     Training average positive_sample_loss at step 0: 0.693108
2020-08-24 00:27:31,654 INFO     Training average negative_sample_loss at step 0: 0.693148
2020-08-24 00:27:31,654 INFO     Training average loss at step 0: 0.693128
2020-08-24 00:28:37,080 INFO     Training average positive_sample_loss at step 2000: 0.206365
2020-08-24 00:28:37,081 INFO     Training average negative_sample_loss at step 2000: 0.456886
2020-08-24 00:28:37,081 INFO     Training average loss at step 2000: 0.331625
2020-08-24 00:29:43,457 INFO     Training average positive_sample_loss at step 4000: 0.007838
2020-08-24 00:29:43,457 INFO     Training average negative_sample_loss at step 4000: 0.023110
2020-08-24 00:29:43,457 INFO     Training average loss at step 4000: 0.015474
2020-08-24 00:30:50,035 INFO     Training average positive_sample_loss at step 6000: 0.002591
2020-08-24 00:30:50,035 INFO     Training average negative_sample_loss at step 6000: 0.006696
2020-08-24 00:30:50,035 INFO     Training average loss at step 6000: 0.004644
2020-08-24 00:31:56,370 INFO     Training average positive_sample_loss at step 8000: 0.001466
2020-08-24 00:31:56,371 INFO     Training average negative_sample_loss at step 8000: 0.003573
2020-08-24 00:31:56,371 INFO     Training average loss at step 8000: 0.002519
2020-08-24 00:33:02,801 INFO     Training average positive_sample_loss at step 10000: 0.001006
2020-08-24 00:33:02,802 INFO     Training average negative_sample_loss at step 10000: 0.002336
2020-08-24 00:33:02,802 INFO     Training average loss at step 10000: 0.001671
2020-08-24 00:34:09,219 INFO     Training average positive_sample_loss at step 12000: 0.000726
2020-08-24 00:34:09,219 INFO     Training average negative_sample_loss at step 12000: 0.001719
2020-08-24 00:34:09,219 INFO     Training average loss at step 12000: 0.001223
2020-08-24 00:35:15,607 INFO     Training average positive_sample_loss at step 14000: 0.000640
2020-08-24 00:35:15,607 INFO     Training average negative_sample_loss at step 14000: 0.001379
2020-08-24 00:35:15,607 INFO     Training average loss at step 14000: 0.001009
2020-08-24 00:36:22,050 INFO     Training average positive_sample_loss at step 16000: 0.000502
2020-08-24 00:36:22,050 INFO     Training average negative_sample_loss at step 16000: 0.001129
2020-08-24 00:36:22,050 INFO     Training average loss at step 16000: 0.000815
2020-08-24 00:37:28,398 INFO     Training average positive_sample_loss at step 18000: 0.000435
2020-08-24 00:37:28,399 INFO     Training average negative_sample_loss at step 18000: 0.000940
2020-08-24 00:37:28,399 INFO     Training average loss at step 18000: 0.000687
2020-08-24 00:38:35,290 INFO     Training average positive_sample_loss at step 20000: 0.000343
2020-08-24 00:38:35,290 INFO     Training average negative_sample_loss at step 20000: 0.000768
2020-08-24 00:38:35,290 INFO     Training average loss at step 20000: 0.000556
2020-08-24 00:38:35,295 INFO     Evaluating on Valid Dataset...
2020-08-24 00:38:35,854 INFO     Evaluating the model... (0/1360)
2020-08-24 00:39:03,201 INFO     Evaluating the model... (1000/1360)
2020-08-24 00:39:12,995 INFO     Valid MRR at step 20000: 0.014996
2020-08-24 00:39:12,997 INFO     Valid MR at step 20000: 10035.678131
2020-08-24 00:39:12,998 INFO     Valid HITS@1 at step 20000: 0.011035
2020-08-24 00:39:12,999 INFO     Valid HITS@3 at step 20000: 0.013978
2020-08-24 00:39:12,999 INFO     Valid HITS@10 at step 20000: 0.014714
Validation (20000): MRR - 0.014995892238237933;MR - 10035.67813132242;HITS@1 - 0.011035497517013059;HITS@3 - 0.013978296854883207;HITS@10 - 0.014713996689350745;
2020-08-24 00:40:19,192 INFO     Training average positive_sample_loss at step 22000: 0.000311
2020-08-24 00:40:19,192 INFO     Training average negative_sample_loss at step 22000: 0.000681
2020-08-24 00:40:19,192 INFO     Training average loss at step 22000: 0.000496
2020-08-24 00:41:25,586 INFO     Training average positive_sample_loss at step 24000: 0.000294
2020-08-24 00:41:25,587 INFO     Training average negative_sample_loss at step 24000: 0.000639
2020-08-24 00:41:25,587 INFO     Training average loss at step 24000: 0.000466
2020-08-24 00:41:58,780 INFO     Change learning_rate to 0.010000 at step 25000
2020-08-24 00:42:32,183 INFO     Training average positive_sample_loss at step 26000: 0.000181
2020-08-24 00:42:32,183 INFO     Training average negative_sample_loss at step 26000: 0.000571
2020-08-24 00:42:32,183 INFO     Training average loss at step 26000: 0.000376
2020-08-24 00:43:38,493 INFO     Training average positive_sample_loss at step 28000: 0.000058
2020-08-24 00:43:38,493 INFO     Training average negative_sample_loss at step 28000: 0.000289
2020-08-24 00:43:38,493 INFO     Training average loss at step 28000: 0.000174
2020-08-24 00:44:45,291 INFO     Training average positive_sample_loss at step 30000: 0.000052
2020-08-24 00:44:45,291 INFO     Training average negative_sample_loss at step 30000: 0.000208
2020-08-24 00:44:45,291 INFO     Training average loss at step 30000: 0.000130
2020-08-24 00:45:51,765 INFO     Training average positive_sample_loss at step 32000: 0.000048
2020-08-24 00:45:51,765 INFO     Training average negative_sample_loss at step 32000: 0.000191
2020-08-24 00:45:51,765 INFO     Training average loss at step 32000: 0.000120
2020-08-24 00:46:58,324 INFO     Training average positive_sample_loss at step 34000: 0.000046
2020-08-24 00:46:58,324 INFO     Training average negative_sample_loss at step 34000: 0.000181
2020-08-24 00:46:58,324 INFO     Training average loss at step 34000: 0.000113
2020-08-24 00:48:04,652 INFO     Training average positive_sample_loss at step 36000: 0.000043
2020-08-24 00:48:04,652 INFO     Training average negative_sample_loss at step 36000: 0.000131
2020-08-24 00:48:04,652 INFO     Training average loss at step 36000: 0.000087
2020-08-24 00:49:11,167 INFO     Training average positive_sample_loss at step 38000: 0.000039
2020-08-24 00:49:11,167 INFO     Training average negative_sample_loss at step 38000: 0.000124
2020-08-24 00:49:11,167 INFO     Training average loss at step 38000: 0.000082
2020-08-24 00:50:17,914 INFO     Training average positive_sample_loss at step 40000: 0.000037
2020-08-24 00:50:17,914 INFO     Training average negative_sample_loss at step 40000: 0.000127
2020-08-24 00:50:17,914 INFO     Training average loss at step 40000: 0.000082
2020-08-24 00:50:17,922 INFO     Evaluating on Valid Dataset...
2020-08-24 00:50:18,509 INFO     Evaluating the model... (0/1360)
2020-08-24 00:50:46,032 INFO     Evaluating the model... (1000/1360)
2020-08-24 00:50:55,820 INFO     Valid MRR at step 40000: 0.009052
2020-08-24 00:50:55,841 INFO     Valid MR at step 40000: 8405.472503
2020-08-24 00:50:55,843 INFO     Valid HITS@1 at step 40000: 0.006070
2020-08-24 00:50:55,844 INFO     Valid HITS@3 at step 40000: 0.007173
2020-08-24 00:50:55,844 INFO     Valid HITS@10 at step 40000: 0.008093
Validation (40000): MRR - 0.00905174844384541;MR - 8405.472503218687;HITS@1 - 0.0060695236343571825;HITS@3 - 0.007173073386058488;HITS@10 - 0.00809269817914291;
2020-08-24 00:52:01,833 INFO     Training average positive_sample_loss at step 42000: 0.000036
2020-08-24 00:52:01,833 INFO     Training average negative_sample_loss at step 42000: 0.000113
2020-08-24 00:52:01,833 INFO     Training average loss at step 42000: 0.000074
2020-08-24 00:53:08,043 INFO     Training average positive_sample_loss at step 44000: 0.000034
2020-08-24 00:53:08,043 INFO     Training average negative_sample_loss at step 44000: 0.000109
2020-08-24 00:53:08,043 INFO     Training average loss at step 44000: 0.000072
2020-08-24 00:54:14,397 INFO     Training average positive_sample_loss at step 46000: 0.000033
2020-08-24 00:54:14,397 INFO     Training average negative_sample_loss at step 46000: 0.000120
2020-08-24 00:54:14,397 INFO     Training average loss at step 46000: 0.000077
2020-08-24 00:55:20,751 INFO     Training average positive_sample_loss at step 48000: 0.000032
2020-08-24 00:55:20,751 INFO     Training average negative_sample_loss at step 48000: 0.000136
2020-08-24 00:55:20,752 INFO     Training average loss at step 48000: 0.000084
2020-08-24 00:56:27,463 INFO     Evaluating on Valid Dataset...
2020-08-24 00:56:28,197 INFO     Evaluating the model... (0/1360)
2020-08-24 00:56:55,724 INFO     Evaluating the model... (1000/1360)
2020-08-24 00:57:05,615 INFO     Valid MRR at step 49999: 0.008919
2020-08-24 00:57:05,615 INFO     Valid MR at step 49999: 8179.253816
2020-08-24 00:57:05,615 INFO     Valid HITS@1 at step 49999: 0.005886
2020-08-24 00:57:05,615 INFO     Valid HITS@3 at step 49999: 0.006989
2020-08-24 00:57:05,615 INFO     Valid HITS@10 at step 49999: 0.007541
2020-08-24 00:57:06,309 INFO     Evaluating the model... (0/153)
2020-08-24 00:57:10,583 INFO     Test MRR at step 49999: 0.008674
2020-08-24 00:57:10,583 INFO     Test MR at step 49999: 9211.250000
2020-08-24 00:57:10,583 INFO     Test HITS@1 at step 49999: 0.008170
2020-08-24 00:57:10,583 INFO     Test HITS@3 at step 49999: 0.008170
2020-08-24 00:57:10,584 INFO     Test HITS@10 at step 49999: 0.008170
#steps = 49999, #negs = 10, dim = 500;
MRR: 0.008673651018582307;MR: 9211.25;HITS@1: 0.008169934640522876;HITS@3: 0.008169934640522876;HITS@10: 0.008169934640522876
2020-08-24 00:57:10,584 INFO     
-----------------------------------------------

